T13A0 928:365 SEGGER J-Link V4.98e Log File (0022ms, 2795ms total)
T13A0 928:365 DLL Compiled: May  5 2015 11:00:52 (0022ms, 2795ms total)
T13A0 928:365 Logging started @ 2016-03-19 12:05 (0022ms, 2795ms total)
T13A0 928:396 JLINK_ExecCommand("Device = AT91SAM4SD32C", ...)Device "ATSAM4SD32C" selected.  returns 0x00 (0000ms, 2795ms total)
T13A0 928:449 JLINK_ExecCommand("ProjectFile = F:\EEN251\Codigos\GPIO_REGISTRADORES_LED\jlink.config", ...)  returns 0x00 (0001ms, 2796ms total)
T13A0 928:458 JLINK_ExecCommand("Device = AT91SAM4SD32C", ...)Device "ATSAM4SD32C" selected.  returns 0x00 (0001ms, 2797ms total)
T13A0 928:459 JLINK_TIF_Select(JLINKARM_TIF_JTAG)  returns 0x00 (0006ms, 2803ms total)
T13A0 928:465 JLINK_GetIdData(...) >0x2F8 JTAG>TotalIRLen = 4, IRPrint = 0x01 >0x30 JTAG> >0x210 JTAG> >0x70 JTAG> >0x40 JTAG> >0x40 JTAG> >0x40 JTAG> >0x48 JTAG> >0x78 JTAG> >0x40 JTAG> >0x30 JTAG> >0x40 JTAG> >0x40 JTAG> >0x30 JTAG> >0x40 JTAG> >0x48 JTAG>Found Cortex-M4 r0p1, Little endian. -- CPU_WriteMem(4 bytes @ 0xE0002000) -- CPU_ReadMem(4 bytes @ 0xE000EDF0) -- CPU_ReadMem(4 bytes @ 0xE0002000)FPUnit: 6 code (BP) slots and 2 literal slots -- CPU_ReadMem(4 bytes @ 0xE000EDFC)
 -- CPU_ReadMem(4 bytes @ 0xE0001000) -- CPU_WriteMem(4 bytes @ 0xE0001000) -- CPU_ReadMem(4 bytes @ 0xE000ED88) -- CPU_WriteMem(4 bytes @ 0xE000ED88) -- CPU_ReadMem(4 bytes @ 0xE000ED88) -- CPU_WriteMem(4 bytes @ 0xE000ED88)CoreSight components:ROMTbl 0 @ E00FF000 -- CPU_ReadMem(16 bytes @ 0xE00FF000) -- CPU_ReadMem(16 bytes @ 0xE000EFF0) -- CPU_ReadMem(16 bytes @ 0xE000EFE0)ROMTbl 0 [0]: FFF0F000, CID: B105E00D, PID: 000BB000 SCS -- CPU_ReadMem(16 bytes @ 0xE0001FF0)
 -- CPU_ReadMem(16 bytes @ 0xE0001FE0)ROMTbl 0 [1]: FFF02000, CID: B105E00D, PID: 003BB002 DWT -- CPU_ReadMem(16 bytes @ 0xE0002FF0) -- CPU_ReadMem(16 bytes @ 0xE0002FE0)ROMTbl 0 [2]: FFF03000, CID: B105E00D, PID: 002BB003 FPB -- CPU_ReadMem(16 bytes @ 0xE0000FF0) -- CPU_ReadMem(16 bytes @ 0xE0000FE0)ROMTbl 0 [3]: FFF01000, CID: B105E00D, PID: 003BB001 ITM -- CPU_ReadMem(16 bytes @ 0xE00FF010) -- CPU_ReadMem(16 bytes @ 0xE0040FF0) -- CPU_ReadMem(16 bytes @ 0xE0040FE0)
ROMTbl 0 [4]: FFF41000, CID: B105900D, PID: 000BB9A1 TPIU ScanLen=4 NumDevices=1 aId[0]=0x4BA00477 aIrRead[0]=0 aScanLen[0]=0 aScanRead[0]=0 (0046ms, 2849ms total)
T13A0 928:511 JLINK_ConfigJTAG(IRPre = 0, DRPre = 0) (0000ms, 2849ms total)
T13A0 928:511 JLINK_SetSpeed(1000) (0001ms, 2850ms total)
T13A0 928:512 JLINK_ResetPullsRESET(OFF) (0000ms, 2850ms total)
T13A0 928:512 JLINK_Connect() >0x2F8 JTAG>TotalIRLen = 4, IRPrint = 0x01 >0x30 JTAG> >0x210 JTAG> >0x70 JTAG> >0x40 JTAG> >0x40 JTAG> >0x40 JTAG> >0x48 JTAG> >0x78 JTAG> >0x40 JTAG> >0x30 JTAG> >0x40 JTAG> >0x40 JTAG> >0x30 JTAG> >0x40 JTAG> >0x48 JTAG>Found Cortex-M4 r0p1, Little endian. -- CPU_WriteMem(4 bytes @ 0xE0002000) -- CPU_ReadMem(4 bytes @ 0xE000EDF0) -- CPU_ReadMem(4 bytes @ 0xE0002000)FPUnit: 6 code (BP) slots and 2 literal slots -- CPU_ReadMem(4 bytes @ 0xE000EDFC)
 -- CPU_ReadMem(4 bytes @ 0xE0001000) -- CPU_WriteMem(4 bytes @ 0xE0001000) -- CPU_ReadMem(4 bytes @ 0xE000ED88) -- CPU_WriteMem(4 bytes @ 0xE000ED88) -- CPU_ReadMem(4 bytes @ 0xE000ED88) -- CPU_WriteMem(4 bytes @ 0xE000ED88)CoreSight components:ROMTbl 0 @ E00FF000 -- CPU_ReadMem(16 bytes @ 0xE00FF000) -- CPU_ReadMem(16 bytes @ 0xE000EFF0) -- CPU_ReadMem(16 bytes @ 0xE000EFE0)ROMTbl 0 [0]: FFF0F000, CID: B105E00D, PID: 000BB000 SCS -- CPU_ReadMem(16 bytes @ 0xE0001FF0)
 -- CPU_ReadMem(16 bytes @ 0xE0001FE0)ROMTbl 0 [1]: FFF02000, CID: B105E00D, PID: 003BB002 DWT -- CPU_ReadMem(16 bytes @ 0xE0002FF0) -- CPU_ReadMem(16 bytes @ 0xE0002FE0)ROMTbl 0 [2]: FFF03000, CID: B105E00D, PID: 002BB003 FPB -- CPU_ReadMem(16 bytes @ 0xE0000FF0) -- CPU_ReadMem(16 bytes @ 0xE0000FE0)ROMTbl 0 [3]: FFF01000, CID: B105E00D, PID: 003BB001 ITM -- CPU_ReadMem(16 bytes @ 0xE00FF010) -- CPU_ReadMem(16 bytes @ 0xE0040FF0) -- CPU_ReadMem(16 bytes @ 0xE0040FE0)
ROMTbl 0 [4]: FFF41000, CID: B105900D, PID: 000BB9A1 TPIU  returns 0x00 (0047ms, 2897ms total)
T13A0 928:559 JLINK_GetDebugInfo(0x100) -- Value=0xE00FF003  returns 0x00 (0001ms, 2898ms total)
T13A0 928:560 JLINK_ReadMem (0xE00FFFF0, 0x0010 Bytes, ...) -- CPU is running -- CPU_ReadMem(16 bytes @ 0xE00FFFF0) - Data: 0D 00 00 00 10 00 00 00 05 00 00 00 B1 00 00 00  returns 0x00 (0002ms, 2900ms total)
T13A0 928:562 JLINK_ReadMem (0xE00FFFD0, 0x0020 Bytes, ...) -- CPU is running -- CPU_ReadMem(32 bytes @ 0xE00FFFD0) - Data: 04 00 00 00 00 00 00 00 00 00 00 00 00 00 00 00 ...  returns 0x00 (0002ms, 2902ms total)
T13A0 928:564 JLINK_ReadMemU32(0xE00FF000, 0x0001 Items, ...) -- CPU is running -- CPU_ReadMem(4 bytes @ 0xE00FF000) - Data: 03 F0 F0 FF  returns 0x01 (0001ms, 2903ms total)
T13A0 928:565 JLINK_ReadMem (0xE000EFF0, 0x0010 Bytes, ...) -- CPU is running -- CPU_ReadMem(16 bytes @ 0xE000EFF0) - Data: 0D 00 00 00 E0 00 00 00 05 00 00 00 B1 00 00 00  returns 0x00 (0001ms, 2904ms total)
T13A0 928:566 JLINK_ReadMem (0xE000EFD0, 0x0020 Bytes, ...) -- CPU is running -- CPU_ReadMem(32 bytes @ 0xE000EFD0) - Data: 04 00 00 00 00 00 00 00 00 00 00 00 00 00 00 00 ...  returns 0x00 (0002ms, 2906ms total)
T13A0 928:568 JLINK_ReadMemU32(0xE00FF004, 0x0001 Items, ...) -- CPU is running -- CPU_ReadMem(4 bytes @ 0xE00FF004) - Data: 03 20 F0 FF  returns 0x01 (0001ms, 2907ms total)
T13A0 928:569 JLINK_ReadMem (0xE0001FF0, 0x0010 Bytes, ...) -- CPU is running -- CPU_ReadMem(16 bytes @ 0xE0001FF0) - Data: 0D 00 00 00 E0 00 00 00 05 00 00 00 B1 00 00 00  returns 0x00 (0001ms, 2908ms total)
T13A0 928:570 JLINK_ReadMem (0xE0001FD0, 0x0020 Bytes, ...) -- CPU is running -- CPU_ReadMem(32 bytes @ 0xE0001FD0) - Data: 04 00 00 00 00 00 00 00 00 00 00 00 00 00 00 00 ...  returns 0x00 (0002ms, 2910ms total)
T13A0 928:572 JLINK_ReadMemU32(0xE00FF008, 0x0001 Items, ...) -- CPU is running -- CPU_ReadMem(4 bytes @ 0xE00FF008) - Data: 03 30 F0 FF  returns 0x01 (0001ms, 2911ms total)
T13A0 928:573 JLINK_ReadMem (0xE0002FF0, 0x0010 Bytes, ...) -- CPU is running -- CPU_ReadMem(16 bytes @ 0xE0002FF0) - Data: 0D 00 00 00 E0 00 00 00 05 00 00 00 B1 00 00 00  returns 0x00 (0001ms, 2912ms total)
T13A0 928:574 JLINK_ReadMem (0xE0002FD0, 0x0020 Bytes, ...) -- CPU is running -- CPU_ReadMem(32 bytes @ 0xE0002FD0) - Data: 04 00 00 00 00 00 00 00 00 00 00 00 00 00 00 00 ...  returns 0x00 (0002ms, 2914ms total)
T13A0 928:576 JLINK_ReadMemU32(0xE00FF00C, 0x0001 Items, ...) -- CPU is running -- CPU_ReadMem(4 bytes @ 0xE00FF00C) - Data: 03 10 F0 FF  returns 0x01 (0001ms, 2915ms total)
T13A0 928:577 JLINK_ReadMem (0xE0000FF0, 0x0010 Bytes, ...) -- CPU is running -- CPU_ReadMem(16 bytes @ 0xE0000FF0) - Data: 0D 00 00 00 E0 00 00 00 05 00 00 00 B1 00 00 00  returns 0x00 (0001ms, 2916ms total)
T13A0 928:578 JLINK_ReadMem (0xE0000FD0, 0x0020 Bytes, ...) -- CPU is running -- CPU_ReadMem(32 bytes @ 0xE0000FD0) - Data: 04 00 00 00 00 00 00 00 00 00 00 00 00 00 00 00 ...  returns 0x00 (0002ms, 2918ms total)
T13A0 928:580 JLINK_ReadMemU32(0xE00FF010, 0x0001 Items, ...) -- CPU is running -- CPU_ReadMem(4 bytes @ 0xE00FF010) - Data: 03 10 F4 FF  returns 0x01 (0001ms, 2919ms total)
T13A0 928:581 JLINK_ReadMem (0xE0040FF0, 0x0010 Bytes, ...) -- CPU is running -- CPU_ReadMem(16 bytes @ 0xE0040FF0) - Data: 0D 00 00 00 90 00 00 00 05 00 00 00 B1 00 00 00  returns 0x00 (0001ms, 2920ms total)
T13A0 928:582 JLINK_ReadMem (0xE0040FD0, 0x0020 Bytes, ...) -- CPU is running -- CPU_ReadMem(32 bytes @ 0xE0040FD0) - Data: 04 00 00 00 00 00 00 00 00 00 00 00 00 00 00 00 ...  returns 0x00 (0002ms, 2922ms total)
T13A0 928:584 JLINK_ReadMemU32(0xE00FF014, 0x0001 Items, ...) -- CPU is running -- CPU_ReadMem(4 bytes @ 0xE00FF014) - Data: 02 20 F4 FF  returns 0x01 (0001ms, 2923ms total)
T13A0 928:585 JLINK_ReadMemU32(0xE00FF018, 0x0001 Items, ...) -- CPU is running -- CPU_ReadMem(4 bytes @ 0xE00FF018) - Data: 00 00 00 00  returns 0x01 (0001ms, 2924ms total)
T13A0 928:586 JLINK_ReadMem (0xE0001000, 0x0004 Bytes, ...) -- CPU is running -- CPU_ReadMem(4 bytes @ 0xE0001000) - Data: 01 00 00 40  returns 0x00 (0001ms, 2925ms total)
T13A0 928:587 JLINK_ReadMem (0xE0001000, 0x0004 Bytes, ...) -- CPU is running -- CPU_ReadMem(4 bytes @ 0xE0001000) - Data: 01 00 00 40  returns 0x00 (0001ms, 2926ms total)
T13A0 928:588 JLINK_ReadMem (0xE0001028, 0x0004 Bytes, ...) -- CPU is running -- CPU_ReadMem(4 bytes @ 0xE0001028) - Data: 00 00 00 00  returns 0x00 (0001ms, 2927ms total)
T13A0 928:589 JLINK_WriteMem(0xE0001028, 0x0004 Bytes, ...) - Data: 00 01 00 00 -- CPU is running -- CPU_WriteMem(4 bytes @ 0xE0001028)  returns 0x04 (0001ms, 2928ms total)
T13A0 928:590 JLINK_ReadMem (0xE0001028, 0x0004 Bytes, ...) -- CPU is running -- CPU_ReadMem(4 bytes @ 0xE0001028) - Data: 00 00 00 00  returns 0x00 (0001ms, 2929ms total)
T13A0 928:591 JLINK_ReadMem (0xE0001038, 0x0004 Bytes, ...) -- CPU is running -- CPU_ReadMem(4 bytes @ 0xE0001038) - Data: 00 02 00 00  returns 0x00 (0001ms, 2930ms total)
T13A0 928:592 JLINK_WriteMem(0xE0001038, 0x0004 Bytes, ...) - Data: 00 03 00 00 -- CPU is running -- CPU_WriteMem(4 bytes @ 0xE0001038)  returns 0x04 (0001ms, 2931ms total)
T13A0 928:593 JLINK_ReadMem (0xE0001038, 0x0004 Bytes, ...) -- CPU is running -- CPU_ReadMem(4 bytes @ 0xE0001038) - Data: 00 03 00 00  returns 0x00 (0001ms, 2932ms total)
T13A0 928:594 JLINK_ReadMem (0xE0001048, 0x0004 Bytes, ...) -- CPU is running -- CPU_ReadMem(4 bytes @ 0xE0001048) - Data: 00 00 00 00  returns 0x00 (0001ms, 2933ms total)
T13A0 928:595 JLINK_WriteMem(0xE0001048, 0x0004 Bytes, ...) - Data: 00 01 00 00 -- CPU is running -- CPU_WriteMem(4 bytes @ 0xE0001048)  returns 0x04 (0001ms, 2934ms total)
T13A0 928:596 JLINK_ReadMem (0xE0001048, 0x0004 Bytes, ...) -- CPU is running -- CPU_ReadMem(4 bytes @ 0xE0001048) - Data: 00 00 00 00  returns 0x00 (0001ms, 2935ms total)
T13A0 928:597 JLINK_ReadMem (0xE0001058, 0x0004 Bytes, ...) -- CPU is running -- CPU_ReadMem(4 bytes @ 0xE0001058) - Data: 00 00 00 00  returns 0x00 (0001ms, 2936ms total)
T13A0 928:598 JLINK_WriteMem(0xE0001058, 0x0004 Bytes, ...) - Data: 00 01 00 00 -- CPU is running -- CPU_WriteMem(4 bytes @ 0xE0001058)  returns 0x04 (0001ms, 2937ms total)
T13A0 928:599 JLINK_ReadMem (0xE0001058, 0x0004 Bytes, ...) -- CPU is running -- CPU_ReadMem(4 bytes @ 0xE0001058) - Data: 00 00 00 00  returns 0x00 (0001ms, 2938ms total)
T13A0 928:600 JLINK_ReadMem (0xE0001024, 0x0004 Bytes, ...) -- CPU is running -- CPU_ReadMem(4 bytes @ 0xE0001024) - Data: 00 00 00 00  returns 0x00 (0001ms, 2939ms total)
T13A0 928:601 JLINK_WriteMem(0xE0001024, 0x0004 Bytes, ...) - Data: 1F 00 00 00 -- CPU is running -- CPU_WriteMem(4 bytes @ 0xE0001024)  returns 0x04 (0001ms, 2940ms total)
T13A0 928:602 JLINK_ReadMem (0xE0001024, 0x0004 Bytes, ...) -- CPU is running -- CPU_ReadMem(4 bytes @ 0xE0001024) - Data: 0F 00 00 00  returns 0x00 (0001ms, 2941ms total)
T13A0 928:603 JLINK_ReadMem (0xE0001034, 0x0004 Bytes, ...) -- CPU is running -- CPU_ReadMem(4 bytes @ 0xE0001034) - Data: 00 00 00 00  returns 0x00 (0001ms, 2942ms total)
T13A0 928:604 JLINK_WriteMem(0xE0001034, 0x0004 Bytes, ...) - Data: 1F 00 00 00 -- CPU is running -- CPU_WriteMem(4 bytes @ 0xE0001034)  returns 0x04 (0001ms, 2943ms total)
T13A0 928:605 JLINK_ReadMem (0xE0001034, 0x0004 Bytes, ...) -- CPU is running -- CPU_ReadMem(4 bytes @ 0xE0001034) - Data: 0F 00 00 00  returns 0x00 (0001ms, 2944ms total)
T13A0 928:606 JLINK_ReadMem (0xE0001044, 0x0004 Bytes, ...) -- CPU is running -- CPU_ReadMem(4 bytes @ 0xE0001044) - Data: 00 00 00 00  returns 0x00 (0001ms, 2945ms total)
T13A0 928:607 JLINK_WriteMem(0xE0001044, 0x0004 Bytes, ...) - Data: 1F 00 00 00 -- CPU is running -- CPU_WriteMem(4 bytes @ 0xE0001044)  returns 0x04 (0001ms, 2946ms total)
T13A0 928:608 JLINK_ReadMem (0xE0001044, 0x0004 Bytes, ...) -- CPU is running -- CPU_ReadMem(4 bytes @ 0xE0001044) - Data: 0F 00 00 00  returns 0x00 (0001ms, 2947ms total)
T13A0 928:609 JLINK_ReadMem (0xE0001054, 0x0004 Bytes, ...) -- CPU is running -- CPU_ReadMem(4 bytes @ 0xE0001054) - Data: 00 00 00 00  returns 0x00 (0001ms, 2948ms total)
T13A0 928:610 JLINK_WriteMem(0xE0001054, 0x0004 Bytes, ...) - Data: 1F 00 00 00 -- CPU is running -- CPU_WriteMem(4 bytes @ 0xE0001054)  returns 0x04 (0001ms, 2949ms total)
T13A0 928:611 JLINK_ReadMem (0xE0001054, 0x0004 Bytes, ...) -- CPU is running -- CPU_ReadMem(4 bytes @ 0xE0001054) - Data: 0F 00 00 00  returns 0x00 (0001ms, 2950ms total)
T13A0 928:612 JLINK_ReadMem (0xE0001028, 0x0004 Bytes, ...) -- CPU is running -- CPU_ReadMem(4 bytes @ 0xE0001028) - Data: 00 00 00 00  returns 0x00 (0001ms, 2951ms total)
T13A0 928:613 JLINK_ReadMem (0xE0001038, 0x0004 Bytes, ...) -- CPU is running -- CPU_ReadMem(4 bytes @ 0xE0001038) - Data: 00 03 00 00  returns 0x00 (0001ms, 2952ms total)
T13A0 928:614 JLINK_ReadMem (0xE0001048, 0x0004 Bytes, ...) -- CPU is running -- CPU_ReadMem(4 bytes @ 0xE0001048) - Data: 00 00 00 00  returns 0x00 (0001ms, 2953ms total)
T13A0 928:615 JLINK_ReadMem (0xE0001058, 0x0004 Bytes, ...) -- CPU is running -- CPU_ReadMem(4 bytes @ 0xE0001058) - Data: 00 00 00 00  returns 0x00 (0001ms, 2954ms total)
T13A0 928:616 JLINK_WriteMem(0xE0001020, 0x0004 Bytes, ...) - Data: 00 00 00 00 -- CPU is running -- CPU_WriteMem(4 bytes @ 0xE0001020)  returns 0x04 (0001ms, 2955ms total)
T13A0 928:617 JLINK_WriteMem(0xE0001024, 0x0004 Bytes, ...) - Data: 00 00 00 00 -- CPU is running -- CPU_WriteMem(4 bytes @ 0xE0001024)  returns 0x04 (0001ms, 2956ms total)
T13A0 928:618 JLINK_WriteMem(0xE0001028, 0x0004 Bytes, ...) - Data: 00 00 00 00 -- CPU is running -- CPU_WriteMem(4 bytes @ 0xE0001028)  returns 0x04 (0001ms, 2957ms total)
T13A0 928:619 JLINK_WriteMem(0xE0001030, 0x0004 Bytes, ...) - Data: 00 00 00 00 -- CPU is running -- CPU_WriteMem(4 bytes @ 0xE0001030)  returns 0x04 (0001ms, 2958ms total)
T13A0 928:620 JLINK_WriteMem(0xE0001034, 0x0004 Bytes, ...) - Data: 00 00 00 00 -- CPU is running -- CPU_WriteMem(4 bytes @ 0xE0001034)  returns 0x04 (0001ms, 2959ms total)
T13A0 928:621 JLINK_WriteMem(0xE0001038, 0x0004 Bytes, ...) - Data: 00 00 00 00 -- CPU is running -- CPU_WriteMem(4 bytes @ 0xE0001038)  returns 0x04 (0001ms, 2960ms total)
T13A0 928:622 JLINK_WriteMem(0xE0001040, 0x0004 Bytes, ...) - Data: 00 00 00 00 -- CPU is running -- CPU_WriteMem(4 bytes @ 0xE0001040)  returns 0x04 (0001ms, 2961ms total)
T13A0 928:623 JLINK_WriteMem(0xE0001044, 0x0004 Bytes, ...) - Data: 00 00 00 00 -- CPU is running -- CPU_WriteMem(4 bytes @ 0xE0001044)  returns 0x04 (0001ms, 2962ms total)
T13A0 928:624 JLINK_WriteMem(0xE0001048, 0x0004 Bytes, ...) - Data: 00 00 00 00 -- CPU is running -- CPU_WriteMem(4 bytes @ 0xE0001048)  returns 0x04 (0001ms, 2963ms total)
T13A0 928:625 JLINK_WriteMem(0xE0001050, 0x0004 Bytes, ...) - Data: 00 00 00 00 -- CPU is running -- CPU_WriteMem(4 bytes @ 0xE0001050)  returns 0x04 (0001ms, 2964ms total)
T13A0 928:626 JLINK_WriteMem(0xE0001054, 0x0004 Bytes, ...) - Data: 00 00 00 00 -- CPU is running -- CPU_WriteMem(4 bytes @ 0xE0001054)  returns 0x04 (0001ms, 2965ms total)
T13A0 928:627 JLINK_WriteMem(0xE0001058, 0x0004 Bytes, ...) - Data: 00 00 00 00 -- CPU is running -- CPU_WriteMem(4 bytes @ 0xE0001058)  returns 0x04 (0001ms, 2966ms total)
T13A0 928:628 JLINK_Halt()  returns 0x00 (0007ms, 2973ms total)
T13A0 928:635 JLINK_WriteMem(0x400E0A04, 0x0004 Bytes, ...) - Data: 0B 01 00 5A -- CPU_WriteMem(4 bytes @ 0x400E0A04)  returns 0x04 (0001ms, 2974ms total)
T13A0 928:636 JLINK_ReadMem (0x400E0A08, 0x0004 Bytes, ...) -- CPU_ReadMem(4 bytes @ 0x400E0A08) - Data: 01 00 00 00  returns 0x00 (0001ms, 2975ms total)
T13A0 928:637 JLINK_WriteMem(0x400E0A04, 0x0004 Bytes, ...) - Data: 0C 02 00 5A -- CPU_WriteMem(4 bytes @ 0x400E0A04)  returns 0x04 (0001ms, 2976ms total)
T13A0 928:638 JLINK_ReadMem (0x400E0A08, 0x0004 Bytes, ...) -- CPU_ReadMem(4 bytes @ 0x400E0A08) - Data: 01 00 00 00  returns 0x00 (0001ms, 2977ms total)
T13A0 928:639 JLINK_Reset() -- CPU_ReadMem(16 bytes @ 0x20000000) -- CPU_WriteMem(16 bytes @ 0x20000000) -- CPU_ReadMem(4 bytes @ 0xE000EDFC) -- CPU_WriteMem(4 bytes @ 0xE000EDFC) -- CPU_ReadMem(4 bytes @ 0xE0001000) -- CPU_WriteMem(4 bytes @ 0xE000EDFC) -- CPU_WriteMem(16 bytes @ 0x20000000) -- CPU_WriteMem(4 bytes @ 0xE0002000) -- CPU_ReadMem(4 bytes @ 0xE000EDFC) -- CPU_ReadMem(4 bytes @ 0xE0001000) (0039ms, 3016ms total)
T13A0 928:679 JLINK_JTAG_GetDeviceID(DeviceIndex = 0)  returns 0x4BA00477 (0000ms, 3016ms total)
T13A0 928:679 JLINK_ReadMemU32(0x400E0740, 0x0001 Items, ...) -- CPU_ReadMem(4 bytes @ 0x400E0740) - Data: E0 0E A7 29  returns 0x01 (0001ms, 3017ms total)
T13A0 928:680 JLINK_ReadMemU32(0x400E0744, 0x0001 Items, ...) -- CPU_ReadMem(4 bytes @ 0x400E0744) - Data: 00 00 00 00  returns 0x01 (0001ms, 3018ms total)
T13A0 928:681 JLINK_WriteMem(0x400E0A04, 0x0004 Bytes, ...) - Data: 05 00 00 5A -- CPU_WriteMem(4 bytes @ 0x400E0A04)  returns 0x04 (0001ms, 3019ms total)
T13A0 928:682 JLINK_WriteMem(0x400E0C04, 0x0004 Bytes, ...) - Data: 05 00 00 5A -- CPU_WriteMem(4 bytes @ 0x400E0C04)  returns 0x04 (0001ms, 3020ms total)
T13A0 928:683 JLINK_ReadMem (0x400E0A08, 0x0004 Bytes, ...) -- CPU_ReadMem(4 bytes @ 0x400E0A08) - Data: 00 00 00 00  returns 0x00 (0001ms, 3021ms total)
T13A0 928:685 JLINK_ReadMem (0x400E0A08, 0x0004 Bytes, ...) -- CPU_ReadMem(4 bytes @ 0x400E0A08) - Data: 00 00 00 00  returns 0x00 (0001ms, 3022ms total)
T21A8 928:689 JLINK_IsHalted()  returns TRUE (0000ms, 3022ms total)
T21A8 928:689 JLINK_GetMOEs(...) -- CPU_ReadMem(4 bytes @ 0xE000ED30) -- CPU_WriteMem(4 bytes @ 0xE000ED30)  returns 0x01 (0002ms, 3024ms total)
T13A0 928:691 JLINK_ReadMem (0x400E0A08, 0x0004 Bytes, ...) -- CPU_ReadMem(4 bytes @ 0x400E0A08) - Data: 00 00 00 00  returns 0x00 (0001ms, 3025ms total)
T21A8 928:692 JLINK_ReadReg(R15 (PC))  returns 0x00400328 (0000ms, 3025ms total)
T13A0 928:708 JLINK_ReadMem (0x400E0A08, 0x0004 Bytes, ...) -- CPU_ReadMem(4 bytes @ 0x400E0A08) - Data: 00 00 00 00  returns 0x00 (0001ms, 3026ms total)
T13A0 928:773 JLINK_ReadMem (0x400E0A08, 0x0004 Bytes, ...) -- CPU_ReadMem(4 bytes @ 0x400E0A08) - Data: 00 00 00 00  returns 0x00 (0001ms, 3027ms total)
T21A8 928:892 JLINK_IsHalted()  returns TRUE (0000ms, 3027ms total)
T13A0 929:030 JLINK_ReadMem (0x400E0A08, 0x0004 Bytes, ...) -- CPU_ReadMem(4 bytes @ 0x400E0A08) - Data: 00 00 00 00  returns 0x00 (0001ms, 3028ms total)
T21A8 929:092 JLINK_IsHalted()  returns TRUE (0000ms, 3028ms total)
T21A8 929:292 JLINK_IsHalted()  returns TRUE (0001ms, 3029ms total)
T21A8 929:493 JLINK_IsHalted()  returns TRUE (0000ms, 3028ms total)
T21A8 929:693 JLINK_IsHalted()  returns TRUE (0001ms, 3029ms total)
T21A8 929:894 JLINK_IsHalted()  returns TRUE (0001ms, 3029ms total)
T13A0 930:031 JLINK_ReadMem (0x400E0A08, 0x0004 Bytes, ...) -- CPU_ReadMem(4 bytes @ 0x400E0A08) - Data: 00 00 00 00  returns 0x00 (0001ms, 3029ms total)
T13A0 930:032 JLINK_ReadMem (0x400E0C08, 0x0004 Bytes, ...) -- CPU_ReadMem(4 bytes @ 0x400E0C08) - Data: 00 00 00 00  returns 0x00 (0001ms, 3030ms total)
T13A0 930:034 JLINK_ReadMem (0x400E0C08, 0x0004 Bytes, ...) -- CPU_ReadMem(4 bytes @ 0x400E0C08) - Data: 00 00 00 00  returns 0x00 (0001ms, 3031ms total)
T13A0 930:039 JLINK_ReadMem (0x400E0C08, 0x0004 Bytes, ...) -- CPU_ReadMem(4 bytes @ 0x400E0C08) - Data: 00 00 00 00  returns 0x00 (0001ms, 3032ms total)
T13A0 930:056 JLINK_ReadMem (0x400E0C08, 0x0004 Bytes, ...) -- CPU_ReadMem(4 bytes @ 0x400E0C08) - Data: 00 00 00 00  returns 0x00 (0001ms, 3033ms total)
T21A8 930:095 JLINK_IsHalted()  returns TRUE (0000ms, 3033ms total)
T13A0 930:121 JLINK_ReadMem (0x400E0C08, 0x0004 Bytes, ...) -- CPU_ReadMem(4 bytes @ 0x400E0C08) - Data: 00 00 00 00  returns 0x00 (0001ms, 3034ms total)
T21A8 930:295 JLINK_IsHalted()  returns TRUE (0000ms, 3034ms total)
T13A0 930:378 JLINK_ReadMem (0x400E0C08, 0x0004 Bytes, ...) -- CPU_ReadMem(4 bytes @ 0x400E0C08) - Data: 00 00 00 00  returns 0x00 (0001ms, 3035ms total)
T21A8 930:495 JLINK_IsHalted()  returns TRUE (0001ms, 3036ms total)
T21A8 930:696 JLINK_IsHalted()  returns TRUE (0001ms, 3036ms total)
T21A8 930:897 JLINK_IsHalted()  returns TRUE (0000ms, 3035ms total)
T21A8 931:097 JLINK_IsHalted()  returns TRUE (0001ms, 3036ms total)
T21A8 931:298 JLINK_IsHalted()  returns TRUE (0000ms, 3035ms total)
T13A0 931:379 JLINK_ReadMem (0x400E0C08, 0x0004 Bytes, ...) -- CPU_ReadMem(4 bytes @ 0x400E0C08) - Data: 00 00 00 00  returns 0x00 (0001ms, 3036ms total)
T13A0 931:380 JLINK_ReadMem (0x400E0A08, 0x0004 Bytes, ...) -- CPU_ReadMem(4 bytes @ 0x400E0A08) - Data: 00 00 00 00  returns 0x00 (0001ms, 3037ms total)
T13A0 931:382 JLINK_ReadMem (0x400E0A08, 0x0004 Bytes, ...) -- CPU_ReadMem(4 bytes @ 0x400E0A08) - Data: 00 00 00 00  returns 0x00 (0001ms, 3038ms total)
T13A0 931:387 JLINK_ReadMem (0x400E0A08, 0x0004 Bytes, ...) -- CPU_ReadMem(4 bytes @ 0x400E0A08) - Data: 00 00 00 00  returns 0x00 (0001ms, 3039ms total)
T13A0 931:404 JLINK_ReadMem (0x400E0A08, 0x0004 Bytes, ...) -- CPU_ReadMem(4 bytes @ 0x400E0A08) - Data: 00 00 00 00  returns 0x00 (0001ms, 3040ms total)
T13A0 931:469 JLINK_ReadMem (0x400E0A08, 0x0004 Bytes, ...) -- CPU_ReadMem(4 bytes @ 0x400E0A08) - Data: 00 00 00 00  returns 0x00 (0001ms, 3041ms total)
T21A8 931:498 JLINK_IsHalted()  returns TRUE (0000ms, 3041ms total)
T21A8 931:698 JLINK_IsHalted()  returns TRUE (0002ms, 3043ms total)
T13A0 931:726 JLINK_ReadMem (0x400E0A08, 0x0004 Bytes, ...) -- CPU_ReadMem(4 bytes @ 0x400E0A08) - Data: 00 00 00 00  returns 0x00 (0001ms, 3042ms total)
T21A8 931:900 JLINK_IsHalted()  returns TRUE (0000ms, 3042ms total)
T21A8 932:100 JLINK_IsHalted()  returns TRUE (0000ms, 3042ms total)
T21A8 932:300 JLINK_IsHalted()  returns TRUE (0001ms, 3043ms total)
T21A8 932:501 JLINK_IsHalted()  returns TRUE (0000ms, 3042ms total)
T21A8 932:701 JLINK_IsHalted()  returns TRUE (0001ms, 3043ms total)
T13A0 932:727 JLINK_ReadMem (0x400E0A08, 0x0004 Bytes, ...) -- CPU_ReadMem(4 bytes @ 0x400E0A08) - Data: 01 00 00 00  returns 0x00 (0001ms, 3043ms total)
T13A0 932:728 JLINK_ReadMem (0x400E0C08, 0x0004 Bytes, ...) -- CPU_ReadMem(4 bytes @ 0x400E0C08) - Data: 00 00 00 00  returns 0x00 (0001ms, 3044ms total)
T13A0 932:730 JLINK_ReadMem (0x400E0C08, 0x0004 Bytes, ...) -- CPU_ReadMem(4 bytes @ 0x400E0C08) - Data: 00 00 00 00  returns 0x00 (0001ms, 3045ms total)
T13A0 932:735 JLINK_ReadMem (0x400E0C08, 0x0004 Bytes, ...) -- CPU_ReadMem(4 bytes @ 0x400E0C08) - Data: 00 00 00 00  returns 0x00 (0001ms, 3046ms total)
T13A0 932:752 JLINK_ReadMem (0x400E0C08, 0x0004 Bytes, ...) -- CPU_ReadMem(4 bytes @ 0x400E0C08) - Data: 00 00 00 00  returns 0x00 (0001ms, 3047ms total)
T13A0 932:817 JLINK_ReadMem (0x400E0C08, 0x0004 Bytes, ...) -- CPU_ReadMem(4 bytes @ 0x400E0C08) - Data: 00 00 00 00  returns 0x00 (0001ms, 3048ms total)
T21A8 932:902 JLINK_IsHalted()  returns TRUE (0001ms, 3049ms total)
T13A0 933:074 JLINK_ReadMem (0x400E0C08, 0x0004 Bytes, ...) -- CPU_ReadMem(4 bytes @ 0x400E0C08) - Data: 00 00 00 00  returns 0x00 (0001ms, 3049ms total)
T21A8 933:103 JLINK_IsHalted()  returns TRUE (0000ms, 3049ms total)
T21A8 933:303 JLINK_IsHalted()  returns TRUE (0000ms, 3049ms total)
T21A8 933:503 JLINK_IsHalted()  returns TRUE (0001ms, 3050ms total)
T21A8 933:704 JLINK_IsHalted()  returns TRUE (0001ms, 3050ms total)
T21A8 933:905 JLINK_IsHalted()  returns TRUE (0000ms, 3049ms total)
T13A0 934:075 JLINK_ReadMem (0x400E0C08, 0x0004 Bytes, ...) -- CPU_ReadMem(4 bytes @ 0x400E0C08) - Data: 01 00 00 00  returns 0x00 (0001ms, 3050ms total)
T21A8 934:105 JLINK_IsHalted()  returns TRUE (0001ms, 3051ms total)
T13A0 934:106 JLINK_ResetPullsRESET(ON) (0000ms, 3050ms total)
T13A0 934:106 JLINK_ResetNoHalt() >0x2F8 JTAG>TotalIRLen = 4, IRPrint = 0x01 >0x30 JTAG> >0x210 JTAG> >0x70 JTAG> >0x40 JTAG> >0x40 JTAG> >0x40 JTAG> >0x48 JTAG> >0x78 JTAG> >0x40 JTAG> >0x30 JTAG> >0x40 JTAG> >0x40 JTAG> >0x30 JTAG> >0x40 JTAG> >0x48 JTAG>Found Cortex-M4 r0p1, Little endian. -- CPU_WriteMem(4 bytes @ 0xE0002000) -- CPU_ReadMem(4 bytes @ 0xE000EDF0) -- CPU_ReadMem(4 bytes @ 0xE0002000)FPUnit: 6 code (BP) slots and 2 literal slots -- CPU_ReadMem(4 bytes @ 0xE000EDFC)
 -- CPU_ReadMem(4 bytes @ 0xE0001000) -- CPU_ReadMem(4 bytes @ 0xE000ED88) -- CPU_WriteMem(4 bytes @ 0xE000ED88) -- CPU_ReadMem(4 bytes @ 0xE000ED88) -- CPU_WriteMem(4 bytes @ 0xE000ED88)CoreSight components:ROMTbl 0 @ E00FF000 -- CPU_ReadMem(16 bytes @ 0xE00FF000) -- CPU_ReadMem(16 bytes @ 0xE000EFF0) -- CPU_ReadMem(16 bytes @ 0xE000EFE0)ROMTbl 0 [0]: FFF0F000, CID: B105E00D, PID: 000BB000 SCS -- CPU_WriteMem(4 bytes @ 0xE0001000) -- CPU_ReadMem(16 bytes @ 0xE0001FF0)
 -- CPU_ReadMem(16 bytes @ 0xE0001FE0)ROMTbl 0 [1]: FFF02000, CID: B105E00D, PID: 003BB002 DWT -- CPU_ReadMem(16 bytes @ 0xE0002FF0) -- CPU_ReadMem(16 bytes @ 0xE0002FE0)ROMTbl 0 [2]: FFF03000, CID: B105E00D, PID: 002BB003 FPB -- CPU_ReadMem(16 bytes @ 0xE0000FF0) -- CPU_ReadMem(16 bytes @ 0xE0000FE0)ROMTbl 0 [3]: FFF01000, CID: B105E00D, PID: 003BB001 ITM -- CPU_ReadMem(16 bytes @ 0xE00FF010) -- CPU_ReadMem(16 bytes @ 0xE0040FF0) -- CPU_ReadMem(16 bytes @ 0xE0040FE0)
ROMTbl 0 [4]: FFF41000, CID: B105900D, PID: 000BB9A1 TPIU
                JLINK_Reset() -- CPU_ReadMem(16 bytes @ 0x20000000) -- CPU_WriteMem(16 bytes @ 0x20000000) -- CPU_ReadMem(4 bytes @ 0xE000EDFC) -- CPU_WriteMem(4 bytes @ 0xE000EDFC) -- CPU_ReadMem(4 bytes @ 0xE0001000) -- CPU_WriteMem(4 bytes @ 0xE0001004) -- CPU_WriteMem(4 bytes @ 0xE000EDFC) -- CPU_WriteMem(16 bytes @ 0x20000000) -- CPU_WriteMem(4 bytes @ 0xE0002000) -- CPU_ReadMem(4 bytes @ 0xE000EDFC) -- CPU_ReadMem(4 bytes @ 0xE0001000) (0039ms, 0039ms total)
                JLINK_Go() -- CPU_ReadMem(4 bytes @ 0xE0001000) -- CPU_WriteMem(4 bytes @ 0xE0001004) (0003ms, 0042ms total)
               (0084ms, 3134ms total)
T13A0 934:190 JLINK_ExecCommand("ProjectFile = F:\EEN251\Codigos\GPIO_REGISTRADORES_LED\jlink.config", ...)  returns 0x00 (0001ms, 3135ms total)
T13A0 934:199 JLINK_ExecCommand("Device = AT91SAM4SD32C", ...)Device "ATSAM4SD32C" selected.  returns 0x00 (0001ms, 3136ms total)
T13A0 934:200 JLINK_TIF_Select(JLINKARM_TIF_JTAG)  returns 0x00 (0000ms, 3136ms total)
T13A0 934:200 JLINK_GetIdData(...) ScanLen=4 NumDevices=1 aId[0]=0x4BA00477 aIrRead[0]=0 aScanLen[0]=0 aScanRead[0]=0 (0000ms, 3136ms total)
T13A0 934:200 JLINK_ConfigJTAG(IRPre = 0, DRPre = 0) (0000ms, 3136ms total)
T13A0 934:200 JLINK_SetSpeed(4000) (0000ms, 3136ms total)
T13A0 934:200 JLINK_ResetPullsRESET(OFF) (0000ms, 3136ms total)
T13A0 934:200 JLINK_Connect() >0x2F8 JTAG>TotalIRLen = 4, IRPrint = 0x01 >0x30 JTAG> >0x210 JTAG> >0x70 JTAG> >0x40 JTAG> >0x40 JTAG> >0x40 JTAG> >0x48 JTAG> >0x78 JTAG> >0x40 JTAG> >0x30 JTAG> >0x40 JTAG> >0x40 JTAG> >0x30 JTAG> >0x40 JTAG> >0x48 JTAG>Found Cortex-M4 r0p1, Little endian. -- CPU_WriteMem(4 bytes @ 0xE0002000) -- CPU_ReadMem(4 bytes @ 0xE000EDF0) -- CPU_ReadMem(4 bytes @ 0xE0002000)FPUnit: 6 code (BP) slots and 2 literal slots -- CPU_ReadMem(4 bytes @ 0xE000EDFC)
 -- CPU_ReadMem(4 bytes @ 0xE0001000) -- CPU_WriteMem(4 bytes @ 0xE0001000) -- CPU_ReadMem(4 bytes @ 0xE000ED88) -- CPU_WriteMem(4 bytes @ 0xE000ED88) -- CPU_ReadMem(4 bytes @ 0xE000ED88) -- CPU_WriteMem(4 bytes @ 0xE000ED88)CoreSight components:ROMTbl 0 @ E00FF000 -- CPU_ReadMem(16 bytes @ 0xE00FF000) -- CPU_ReadMem(16 bytes @ 0xE000EFF0) -- CPU_ReadMem(16 bytes @ 0xE000EFE0)ROMTbl 0 [0]: FFF0F000, CID: B105E00D, PID: 000BB000 SCS -- CPU_ReadMem(16 bytes @ 0xE0001FF0)
 -- CPU_ReadMem(16 bytes @ 0xE0001FE0)ROMTbl 0 [1]: FFF02000, CID: B105E00D, PID: 003BB002 DWT -- CPU_ReadMem(16 bytes @ 0xE0002FF0) -- CPU_ReadMem(16 bytes @ 0xE0002FE0)ROMTbl 0 [2]: FFF03000, CID: B105E00D, PID: 002BB003 FPB -- CPU_ReadMem(16 bytes @ 0xE0000FF0) -- CPU_ReadMem(16 bytes @ 0xE0000FE0)ROMTbl 0 [3]: FFF01000, CID: B105E00D, PID: 003BB001 ITM -- CPU_ReadMem(16 bytes @ 0xE00FF010) -- CPU_ReadMem(16 bytes @ 0xE0040FF0) -- CPU_ReadMem(16 bytes @ 0xE0040FE0)
ROMTbl 0 [4]: FFF41000, CID: B105900D, PID: 000BB9A1 TPIU  returns 0x00 (0041ms, 3177ms total)
T13A0 934:241 JLINK_WriteMem(0xE0001020, 0x0004 Bytes, ...) - Data: 00 00 00 00 -- CPU is running -- CPU_WriteMem(4 bytes @ 0xE0001020)  returns 0x04 (0002ms, 3179ms total)
T13A0 934:243 JLINK_WriteMem(0xE0001024, 0x0004 Bytes, ...) - Data: 00 00 00 00 -- CPU is running -- CPU_WriteMem(4 bytes @ 0xE0001024)  returns 0x04 (0001ms, 3180ms total)
T13A0 934:244 JLINK_WriteMem(0xE0001028, 0x0004 Bytes, ...) - Data: 00 00 00 00 -- CPU is running -- CPU_WriteMem(4 bytes @ 0xE0001028)  returns 0x04 (0001ms, 3181ms total)
T13A0 934:245 JLINK_WriteMem(0xE0001030, 0x0004 Bytes, ...) - Data: 00 00 00 00 -- CPU is running -- CPU_WriteMem(4 bytes @ 0xE0001030)  returns 0x04 (0001ms, 3182ms total)
T13A0 934:246 JLINK_WriteMem(0xE0001034, 0x0004 Bytes, ...) - Data: 00 00 00 00 -- CPU is running -- CPU_WriteMem(4 bytes @ 0xE0001034)  returns 0x04 (0001ms, 3183ms total)
T13A0 934:247 JLINK_WriteMem(0xE0001038, 0x0004 Bytes, ...) - Data: 00 00 00 00 -- CPU is running -- CPU_WriteMem(4 bytes @ 0xE0001038)  returns 0x04 (0001ms, 3184ms total)
T13A0 934:248 JLINK_WriteMem(0xE0001040, 0x0004 Bytes, ...) - Data: 00 00 00 00 -- CPU is running -- CPU_WriteMem(4 bytes @ 0xE0001040)  returns 0x04 (0001ms, 3185ms total)
T13A0 934:249 JLINK_WriteMem(0xE0001044, 0x0004 Bytes, ...) - Data: 00 00 00 00 -- CPU is running -- CPU_WriteMem(4 bytes @ 0xE0001044)  returns 0x04 (0001ms, 3186ms total)
T13A0 934:250 JLINK_WriteMem(0xE0001048, 0x0004 Bytes, ...) - Data: 00 00 00 00 -- CPU is running -- CPU_WriteMem(4 bytes @ 0xE0001048)  returns 0x04 (0001ms, 3187ms total)
T13A0 934:251 JLINK_WriteMem(0xE0001050, 0x0004 Bytes, ...) - Data: 00 00 00 00 -- CPU is running -- CPU_WriteMem(4 bytes @ 0xE0001050)  returns 0x04 (0001ms, 3188ms total)
T13A0 934:252 JLINK_WriteMem(0xE0001054, 0x0004 Bytes, ...) - Data: 00 00 00 00 -- CPU is running -- CPU_WriteMem(4 bytes @ 0xE0001054)  returns 0x04 (0001ms, 3189ms total)
T13A0 934:253 JLINK_WriteMem(0xE0001058, 0x0004 Bytes, ...) - Data: 00 00 00 00 -- CPU is running -- CPU_WriteMem(4 bytes @ 0xE0001058)  returns 0x04 (0001ms, 3190ms total)
T13A0 934:254 JLINK_Halt()  returns 0x00 (0004ms, 3194ms total)
T13A0 934:258 JLINK_WriteMem(0x400E0A04, 0x0004 Bytes, ...) - Data: 0B 01 00 5A -- CPU_WriteMem(4 bytes @ 0x400E0A04)  returns 0x04 (0001ms, 3195ms total)
T13A0 934:259 JLINK_ReadMem (0x400E0A08, 0x0004 Bytes, ...) -- CPU_ReadMem(4 bytes @ 0x400E0A08) - Data: 01 00 00 00  returns 0x00 (0001ms, 3196ms total)
T13A0 934:260 JLINK_WriteMem(0x400E0A04, 0x0004 Bytes, ...) - Data: 0C 02 00 5A -- CPU_WriteMem(4 bytes @ 0x400E0A04)  returns 0x04 (0001ms, 3197ms total)
T13A0 934:261 JLINK_ReadMem (0x400E0A08, 0x0004 Bytes, ...) -- CPU_ReadMem(4 bytes @ 0x400E0A08) - Data: 01 00 00 00  returns 0x00 (0001ms, 3198ms total)
T13A0 934:262 JLINK_Reset() -- CPU_ReadMem(16 bytes @ 0x20000000) -- CPU_WriteMem(16 bytes @ 0x20000000) -- CPU_ReadMem(4 bytes @ 0xE000EDFC) -- CPU_WriteMem(4 bytes @ 0xE000EDFC) -- CPU_ReadMem(4 bytes @ 0xE0001000) -- CPU_WriteMem(4 bytes @ 0xE000EDFC) -- CPU_WriteMem(16 bytes @ 0x20000000) -- CPU_WriteMem(4 bytes @ 0xE0002000) -- CPU_ReadMem(4 bytes @ 0xE000EDFC) -- CPU_ReadMem(4 bytes @ 0xE0001000) (0029ms, 3227ms total)
T13A0 934:292 JLINK_JTAG_GetDeviceID(DeviceIndex = 0)  returns 0x4BA00477 (0000ms, 3227ms total)
T13A0 934:292 JLINK_ReadMemU32(0x400E0740, 0x0001 Items, ...) -- CPU_ReadMem(4 bytes @ 0x400E0740) - Data: E0 0E A7 29  returns 0x01 (0001ms, 3228ms total)
T13A0 934:293 JLINK_ReadMemU32(0x400E0744, 0x0001 Items, ...) -- CPU_ReadMem(4 bytes @ 0x400E0744) - Data: 00 00 00 00  returns 0x01 (0001ms, 3229ms total)
T13A0 934:297 JLINK_BeginDownload(Flags = 0x00) (0000ms, 3229ms total)
T13A0 934:297 JLINK_WriteMem(0x00400000, 0x0784 Bytes, ...) - Data: D0 34 00 20 29 03 40 00 25 03 40 00 25 03 40 00 ...  returns 0x784 (0000ms, 3229ms total)
T13A0 934:297 JLINK_WriteMem(0x00400784, 0x0438 Bytes, ...) - Data: BF F3 5F 8F 01 38 FB D1 70 47 00 BF 00 09 3D 00 ...  returns 0x438 (0000ms, 3229ms total)
T1594 934:302 JLINK_IsHalted()  returns TRUE (0000ms, 3229ms total)
T1594 934:302 JLINK_GetMOEs(...) -- CPU_ReadMem(4 bytes @ 0xE000ED30) -- CPU_WriteMem(4 bytes @ 0xE000ED30)  returns 0x01 (0002ms, 3231ms total)
T1594 934:304 JLINK_ReadReg(R15 (PC)) -- -------------------------------------- -- Start of determining dirty areas in flash cache -- End of determining dirty areas -- Start of preparing flash programming -- Calculating RAM usage -- RAM usage = 2884 Bytes -- Preserving registers -- Preparing memory -- Determining CPU clock frequency -- CPU clock frequency: 4150 kHz -- CPU frequency = 4150 kHz -- Preparing target -- Downloading RAMCode -- Using alternate TurboMode RAMCode -- Checking target RAM
 -- Preparing RAMCode -- End of preparing flash programmingCPU is running at low speed (4150 kHz). -- CPU is running at 4150 kHz. -- Start of comparing flash -- Read back was estimated as fastest method -- Comparing range 0x400000 - 0x400BFF (6 Sectors, 3 KB), using multi-block CRC calculation -- CPU is running -- CPU_ReadMem(512 bytes @ 0x00400000) -- CPU is running -- CPU_ReadMem(512 bytes @ 0x00400200) -- CPU is running -- CPU_ReadMem(512 bytes @ 0x00400400) -- CPU is running
 -- CPU_ReadMem(512 bytes @ 0x00400600) -- CPU is running -- CPU_ReadMem(512 bytes @ 0x00400800) -- CPU is running -- CPU_ReadMem(512 bytes @ 0x00400A00) -- CRC does not match for sectors 0-5 -- End of comparing flash -- Start of erasing sectors -- End of erasing sectors -- Start of flash programming -- Programming range 0x00400000 - 0x00400BFF (006 Sectors, 3 KB) -- End of flash programming -- Flash programming performed for 1 range (3072 bytes) -- 0x400000 - 0x400BFF (006 Sectors, 3 KB)
 -- Start of verifying flash -- Checksum calculation was estimated as fastest method -- End of verifying flash -- Start of restoring -- Restore RAMCode -- Restore content of target memory -- Restore target -- Restore memory -- Restore content of registers -- End of restoring -- Total time needed: 0.179s (Prepare: 0.101s, Compare: 0.025s, Erase: 0.000s, Program: 0.043s, Verify: 0.002s, Restore: 0.006s)  returns 0xFFFFFFFE (0183ms, 3414ms total)
T21F8 934:591 JLINK_Halt()  returns 0x00 (0000ms, 3414ms total)
T21F8 934:591 JLINK_ReadReg(R15 (PC))  returns 0xFFFFFFFE (0000ms, 3414ms total)
T21F8 934:591 JLINK_ReadReg(R13 (SP))  returns 0xFFFFFFFC (0000ms, 3414ms total)
T21F8 934:656 JLINK_ReadReg(R0)  returns 0x400E1400 (0000ms, 3414ms total)
T21F8 934:656 JLINK_ReadReg(R1)  returns 0x40C00000 (0000ms, 3414ms total)
T21F8 934:656 JLINK_ReadReg(R2)  returns 0xA5000005 (0000ms, 3414ms total)
T21F8 934:656 JLINK_ReadReg(R3)  returns 0x400E0E00 (0000ms, 3414ms total)
T21F8 934:656 JLINK_ReadReg(R4)  returns 0x00402181 (0000ms, 3414ms total)
T21F8 934:656 JLINK_ReadReg(R5)  returns 0xA5A5A5A5 (0000ms, 3414ms total)
T21F8 934:656 JLINK_ReadReg(R6)  returns 0xA5A5A5A5 (0000ms, 3414ms total)
T21F8 934:656 JLINK_ReadReg(R7)  returns 0x20000630 (0000ms, 3414ms total)
T21F8 934:656 JLINK_ReadReg(R8)  returns 0xA5A5A5A5 (0000ms, 3414ms total)
T21F8 934:656 JLINK_ReadReg(R9)  returns 0xA5A5A5A5 (0000ms, 3414ms total)
T21F8 934:656 JLINK_ReadReg(R10)  returns 0xA5A5A5A5 (0000ms, 3414ms total)
T21F8 934:656 JLINK_ReadReg(R11)  returns 0xA5A5A5A5 (0000ms, 3414ms total)
T21F8 934:656 JLINK_ReadReg(R12)  returns 0xA5A5A5A5 (0000ms, 3414ms total)
T21F8 934:656 JLINK_ReadReg(R13 (SP))  returns 0xFFFFFFFC (0000ms, 3414ms total)
T21F8 934:656 JLINK_ReadReg(R14)  returns 0xFFFFFFFF (0000ms, 3414ms total)
T21F8 934:656 JLINK_ReadReg(R15 (PC))  returns 0xFFFFFFFE (0000ms, 3414ms total)
T21F8 934:656 JLINK_ReadReg(XPSR)  returns 0x01000000 (0000ms, 3414ms total)
T21F8 934:656 JLINK_ReadReg(MSP)  returns 0xFFFFFFFC (0000ms, 3414ms total)
T21F8 934:656 JLINK_ReadReg(PSP)  returns 0x20000630 (0000ms, 3414ms total)
T21F8 934:656 JLINK_ReadReg(PRIMASK)  returns 0x00000000 (0000ms, 3414ms total)
T21F8 934:656 JLINK_ReadReg(BASEPRI)  returns 0x00000000 (0000ms, 3414ms total)
T21F8 934:656 JLINK_ReadReg(FAULTMASK)  returns 0x00000000 (0000ms, 3414ms total)
T21F8 934:656 JLINK_ReadReg(CONTROL)  returns 0x00000000 (0000ms, 3414ms total)
T21F8 934:667 JLINK_EndDownload()  returns 0x00 (0000ms, 3414ms total)
T21F8 934:667 JLINK_Reset() -- CPU_ReadMem(16 bytes @ 0x20000000) -- CPU_WriteMem(16 bytes @ 0x20000000) -- CPU_ReadMem(4 bytes @ 0xE000EDFC) -- CPU_WriteMem(4 bytes @ 0xE000EDFC) -- CPU_ReadMem(4 bytes @ 0xE0001000) -- CPU_WriteMem(4 bytes @ 0xE000EDFC) -- CPU_WriteMem(16 bytes @ 0x20000000) -- CPU_WriteMem(4 bytes @ 0xE0002000) -- CPU_ReadMem(4 bytes @ 0xE000EDFC) -- CPU_ReadMem(4 bytes @ 0xE0001000) (0030ms, 3444ms total)
T1594 934:697 JLINK_IsHalted()  returns TRUE (0000ms, 3444ms total)
T1594 934:697 JLINK_GetMOEs(...) -- CPU_ReadMem(4 bytes @ 0xE000ED30) -- CPU_WriteMem(4 bytes @ 0xE000ED30)  returns 0x01 (0002ms, 3446ms total)
T1594 934:699 JLINK_ReadReg(R15 (PC))  returns 0x00400328 (0000ms, 3446ms total)
T21F8 934:707 JLINK_ReadReg(R15 (PC))  returns 0x00400328 (0001ms, 3447ms total)
T21F8 934:708 JLINK_ReadReg(R13 (SP))  returns 0x200034D0 (0000ms, 3447ms total)
T21F8 934:713 JLINK_ReadMemHW(0x00400328, 0x0004 Bytes, ...) -- CPU_ReadMem(4 bytes @ 0x00400328) - Data: 08 B5 20 4B  returns 0x00 (0001ms, 3448ms total)
T21F8 934:745 JLINK_ReadMemHW(0x00400580, 0x0001 Bytes, ...) -- CPU_ReadMem(1 bytes @ 0x00400580) - Data: 08  returns 0x00 (0001ms, 3449ms total)
T21F8 934:786 JLINK_ReadReg(R15 (PC))  returns 0x00400328 (0000ms, 3449ms total)
T21F8 934:786 JLINK_GetNumBPUnits(Type = 0xFFFFFF02)  returns 0x06 (0000ms, 3449ms total)
T21F8 934:786 JLINK_SetBPEx(Addr = 0x00400580, Type = 0xFFFFFF02)  returns 0x00000001 (0000ms, 3449ms total)
T21F8 934:786 JLINK_GetBPInfo(BPHandle = 1)  returns 0x00 (0000ms, 3449ms total)
T21F8 934:786 JLINK_Go() -- CPU_ReadMem(4 bytes @ 0xE0001000) -- CPU_WriteMem(4 bytes @ 0xE0002008) -- CPU_WriteMem(4 bytes @ 0xE000200C) -- CPU_WriteMem(4 bytes @ 0xE0002010) -- CPU_WriteMem(4 bytes @ 0xE0002014) -- CPU_WriteMem(4 bytes @ 0xE0002018) -- CPU_WriteMem(4 bytes @ 0xE000201C) -- CPU_WriteMem(4 bytes @ 0xE0001004) (0009ms, 3458ms total)
T1594 934:795 JLINK_IsHalted()  returns TRUE (0004ms, 3462ms total)
T1594 934:799 JLINK_GetMOEs(...) -- CPU_ReadMem(4 bytes @ 0xE000ED30) -- CPU_WriteMem(4 bytes @ 0xE000ED30)  returns 0x01 (0002ms, 3460ms total)
T1594 934:801 JLINK_ReadReg(R15 (PC))  returns 0x00400580 (0000ms, 3460ms total)
T1594 934:801 JLINK_GetBPInfo(BPHandle = 1)  returns 0x00 (0000ms, 3460ms total)
T1594 934:801 JLINK_ClrBPEx(BPHandle = 0x00000001)  returns 0x00 (0000ms, 3460ms total)
T21F8 934:805 JLINK_ReadReg(R15 (PC))  returns 0x00400580 (0000ms, 3460ms total)
T21F8 934:805 JLINK_ReadReg(R13 (SP))  returns 0x200034C8 (0000ms, 3460ms total)
T21F8 934:805 JLINK_ReadMemHW(0x00400580, 0x0004 Bytes, ...) -- CPU_ReadMem(4 bytes @ 0x00400580) - Data: 08 B5 1F 4B  returns 0x00 (0001ms, 3461ms total)
T21F8 934:827 JLINK_ReadReg(R15 (PC))  returns 0x00400580 (0000ms, 3461ms total)
T21F8 934:827 JLINK_Go() -- CPU_ReadMem(4 bytes @ 0xE0001000) -- CPU_WriteMem(4 bytes @ 0xE0002008) (0003ms, 3464ms total)
T1594 934:830 JLINK_IsHalted()  returns FALSE (0001ms, 3465ms total)
T1594 934:871 JLINK_IsHalted()  returns FALSE (0001ms, 3465ms total)
T1594 935:032 JLINK_IsHalted()  returns FALSE (0001ms, 3465ms total)
T1594 935:673 JLINK_IsHalted()  returns FALSE (0001ms, 3465ms total)
T1594 936:314 JLINK_IsHalted()  returns FALSE (0002ms, 3466ms total)
T1594 936:957 JLINK_IsHalted()  returns FALSE (0001ms, 3465ms total)
T1594 937:598 JLINK_IsHalted()  returns FALSE (0002ms, 3466ms total)
T1594 938:240 JLINK_IsHalted()  returns FALSE (0001ms, 3465ms total)
T1594 938:881 JLINK_IsHalted()  returns FALSE (0002ms, 3466ms total)
T1594 939:523 JLINK_IsHalted()  returns FALSE (0001ms, 3465ms total)
T1594 940:164 JLINK_IsHalted()  returns FALSE (0002ms, 3466ms total)
T1594 940:806 JLINK_IsHalted()  returns FALSE (0001ms, 3465ms total)
T1594 941:447 JLINK_IsHalted()  returns FALSE (0002ms, 3466ms total)
T1594 942:089 JLINK_IsHalted()  returns FALSE (0001ms, 3465ms total)
T1594 942:730 JLINK_IsHalted()  returns FALSE (0002ms, 3466ms total)
T1594 943:372 JLINK_IsHalted()  returns FALSE (0001ms, 3465ms total)
T1594 944:013 JLINK_IsHalted()  returns FALSE (0003ms, 3467ms total)
T1594 944:656 JLINK_IsHalted()  returns FALSE (0001ms, 3465ms total)
T1594 945:297 JLINK_IsHalted()  returns FALSE (0002ms, 3466ms total)
T1594 945:939 JLINK_IsHalted()  returns FALSE (0001ms, 3465ms total)
T1594 946:580 JLINK_IsHalted()  returns FALSE (0002ms, 3466ms total)
T1594 947:222 JLINK_IsHalted()  returns FALSE (0001ms, 3465ms total)
T1594 947:863 JLINK_IsHalted()  returns FALSE (0002ms, 3466ms total)
T1594 948:505 JLINK_IsHalted()  returns FALSE (0001ms, 3465ms total)
T1594 949:146 JLINK_IsHalted()  returns FALSE (0002ms, 3466ms total)
T1594 949:788 JLINK_IsHalted()  returns FALSE (0001ms, 3465ms total)
T1594 950:429 JLINK_IsHalted()  returns FALSE (0002ms, 3466ms total)
T1594 951:071 JLINK_IsHalted()  returns FALSE (0001ms, 3465ms total)
T1594 951:712 JLINK_IsHalted()  returns FALSE (0002ms, 3466ms total)
T1594 952:354 JLINK_IsHalted()  returns FALSE (0001ms, 3465ms total)
T1594 952:995 JLINK_IsHalted()  returns FALSE (0002ms, 3466ms total)
T1594 953:637 JLINK_IsHalted()  returns FALSE (0001ms, 3465ms total)
T1594 954:278 JLINK_IsHalted()  returns FALSE (0002ms, 3466ms total)
T1594 954:921 JLINK_IsHalted()  returns FALSE (0001ms, 3465ms total)
T1594 955:562 JLINK_IsHalted()  returns FALSE (0002ms, 3466ms total)
T1594 956:204 JLINK_IsHalted()  returns FALSE (0001ms, 3465ms total)
T1594 956:845 JLINK_IsHalted()  returns FALSE (0002ms, 3466ms total)
T1594 957:487 JLINK_IsHalted()  returns FALSE (0001ms, 3465ms total)
T1594 958:128 JLINK_IsHalted()  returns FALSE (0002ms, 3466ms total)
T1594 958:770 JLINK_IsHalted()  returns FALSE (0001ms, 3465ms total)
T1594 959:411 JLINK_IsHalted()  returns FALSE (0002ms, 3466ms total)
T1594 960:053 JLINK_IsHalted()  returns FALSE (0001ms, 3465ms total)
T1594 960:694 JLINK_IsHalted()  returns FALSE (0002ms, 3466ms total)
T1594 961:336 JLINK_IsHalted()  returns FALSE (0001ms, 3465ms total)
T1594 961:977 JLINK_IsHalted()  returns FALSE (0002ms, 3466ms total)
T1594 962:619 JLINK_IsHalted()  returns FALSE (0001ms, 3465ms total)
T1594 963:260 JLINK_IsHalted()  returns FALSE (0002ms, 3466ms total)
T1594 963:908 JLINK_IsHalted()  returns FALSE (0001ms, 3465ms total)
T1594 964:549 JLINK_IsHalted()  returns FALSE (0003ms, 3467ms total)
T1594 965:192 JLINK_IsHalted()  returns FALSE (0001ms, 3465ms total)
T1594 965:835 JLINK_IsHalted()  returns FALSE (0002ms, 3466ms total)
T1594 966:478 JLINK_IsHalted()  returns FALSE (0002ms, 3466ms total)
T1594 967:120 JLINK_IsHalted()  returns FALSE (0002ms, 3466ms total)
T1594 967:762 JLINK_IsHalted()  returns FALSE (0001ms, 3465ms total)
T1594 968:403 JLINK_IsHalted()  returns FALSE (0002ms, 3466ms total)
T1594 969:045 JLINK_IsHalted()  returns FALSE (0001ms, 3465ms total)
T1594 969:686 JLINK_IsHalted()  returns FALSE (0002ms, 3466ms total)
T1594 970:328 JLINK_IsHalted()  returns FALSE (0001ms, 3465ms total)
T1594 970:969 JLINK_IsHalted()  returns FALSE (0002ms, 3466ms total)
T1594 971:611 JLINK_IsHalted()  returns FALSE (0001ms, 3465ms total)
T1594 972:253 JLINK_IsHalted()  returns FALSE (0002ms, 3466ms total)
T1594 972:895 JLINK_IsHalted()  returns FALSE (0001ms, 3465ms total)
T1594 973:536 JLINK_IsHalted()  returns FALSE (0002ms, 3466ms total)
T1594 974:178 JLINK_IsHalted()  returns FALSE (0001ms, 3465ms total)
T1594 974:819 JLINK_IsHalted()  returns FALSE (0002ms, 3466ms total)
T1594 975:461 JLINK_IsHalted()  returns FALSE (0001ms, 3465ms total)
T1594 976:102 JLINK_IsHalted()  returns FALSE (0002ms, 3466ms total)
T1594 976:744 JLINK_IsHalted()  returns FALSE (0001ms, 3465ms total)
T1594 977:385 JLINK_IsHalted()  returns FALSE (0002ms, 3466ms total)
T1594 978:027 JLINK_IsHalted()  returns FALSE (0001ms, 3465ms total)
T1594 978:668 JLINK_IsHalted()  returns FALSE (0002ms, 3466ms total)
T1594 979:310 JLINK_IsHalted()  returns FALSE (0001ms, 3465ms total)
T1594 979:951 JLINK_IsHalted()  returns FALSE (0002ms, 3466ms total)
T1594 980:593 JLINK_IsHalted()  returns FALSE (0001ms, 3465ms total)
T1594 981:234 JLINK_IsHalted()  returns FALSE (0002ms, 3466ms total)
T1594 981:876 JLINK_IsHalted()  returns FALSE (0001ms, 3465ms total)
T1594 982:517 JLINK_IsHalted()  returns FALSE (0002ms, 3466ms total)
T1594 983:159 JLINK_IsHalted()  returns FALSE (0001ms, 3465ms total)
T1594 983:800 JLINK_IsHalted()  returns FALSE (0002ms, 3466ms total)
T1594 984:442 JLINK_IsHalted()  returns FALSE (0001ms, 3465ms total)
T1594 985:083 JLINK_IsHalted()  returns FALSE (0002ms, 3466ms total)
T1594 985:725 JLINK_IsHalted()  returns FALSE (0001ms, 3465ms total)
T1594 986:366 JLINK_IsHalted()  returns FALSE (0002ms, 3466ms total)
T1594 987:008 JLINK_IsHalted()  returns FALSE (0001ms, 3465ms total)
T1594 987:649 JLINK_IsHalted()  returns FALSE (0002ms, 3466ms total)
T1594 988:291 JLINK_IsHalted()  returns FALSE (0001ms, 3465ms total)
T1594 988:932 JLINK_IsHalted()  returns FALSE (0002ms, 3466ms total)
T1594 989:575 JLINK_IsHalted()  returns FALSE (0001ms, 3465ms total)
T1594 990:216 JLINK_IsHalted()  returns FALSE (0002ms, 3466ms total)
T1594 990:858 JLINK_IsHalted()  returns FALSE (0001ms, 3465ms total)
T1594 991:499 JLINK_IsHalted()  returns FALSE (0002ms, 3466ms total)
T1594 992:141 JLINK_IsHalted()  returns FALSE (0001ms, 3465ms total)
T1594 992:782 JLINK_IsHalted()  returns FALSE (0002ms, 3466ms total)
T1594 993:424 JLINK_IsHalted()  returns FALSE (0001ms, 3465ms total)
T1594 994:065 JLINK_IsHalted()  returns FALSE (0002ms, 3466ms total)
T1594 994:707 JLINK_IsHalted()  returns FALSE (0001ms, 3465ms total)
T1594 995:348 JLINK_IsHalted()  returns FALSE (0002ms, 3466ms total)
T1594 995:990 JLINK_IsHalted()  returns FALSE (0001ms, 3465ms total)
T1594 996:631 JLINK_IsHalted()  returns FALSE (0002ms, 3466ms total)
T1594 997:273 JLINK_IsHalted()  returns FALSE (0001ms, 3465ms total)
T1594 997:914 JLINK_IsHalted()  returns FALSE (0002ms, 3466ms total)
T1594 998:556 JLINK_IsHalted()  returns FALSE (0001ms, 3465ms total)
T1594 999:197 JLINK_IsHalted()  returns FALSE (0002ms, 3466ms total)
T1594 999:839 JLINK_IsHalted()  returns FALSE (0001ms, 3465ms total)
T1594 1000:480 JLINK_IsHalted()  returns FALSE (0002ms, 3466ms total)
T1594 1001:122 JLINK_IsHalted()  returns FALSE (0001ms, 3465ms total)
T1594 1001:763 JLINK_IsHalted()  returns FALSE (0002ms, 3466ms total)
T1594 1002:405 JLINK_IsHalted()  returns FALSE (0001ms, 3465ms total)
T1594 1003:046 JLINK_IsHalted()  returns FALSE (0002ms, 3466ms total)
T1594 1003:688 JLINK_IsHalted()  returns FALSE (0001ms, 3465ms total)
T1594 1004:329 JLINK_IsHalted()  returns FALSE (0002ms, 3466ms total)
T1594 1004:971 JLINK_IsHalted()  returns FALSE (0001ms, 3465ms total)
T1594 1005:612 JLINK_IsHalted()  returns FALSE (0002ms, 3466ms total)
T1594 1006:254 JLINK_IsHalted()  returns FALSE (0001ms, 3465ms total)
T1594 1006:896 JLINK_IsHalted()  returns FALSE (0002ms, 3466ms total)
T1594 1007:538 JLINK_IsHalted()  returns FALSE (0001ms, 3465ms total)
T1594 1008:179 JLINK_IsHalted()  returns FALSE (0002ms, 3466ms total)
T1594 1008:821 JLINK_IsHalted()  returns FALSE (0001ms, 3465ms total)
T1594 1009:462 JLINK_IsHalted()  returns FALSE (0002ms, 3466ms total)
T1594 1010:104 JLINK_IsHalted()  returns FALSE (0001ms, 3465ms total)
T1594 1010:745 JLINK_IsHalted()  returns FALSE (0002ms, 3466ms total)
T1594 1011:387 JLINK_IsHalted()  returns FALSE (0001ms, 3465ms total)
T1594 1012:028 JLINK_IsHalted()  returns FALSE (0002ms, 3466ms total)
T1594 1012:670 JLINK_IsHalted()  returns FALSE (0001ms, 3465ms total)
T1594 1013:311 JLINK_IsHalted()  returns FALSE (0002ms, 3466ms total)
T1594 1013:953 JLINK_IsHalted()  returns FALSE (0001ms, 3465ms total)
T1594 1014:594 JLINK_IsHalted()  returns FALSE (0002ms, 3466ms total)
T1594 1015:236 JLINK_IsHalted()  returns FALSE (0001ms, 3465ms total)
T1594 1015:877 JLINK_IsHalted()  returns FALSE (0002ms, 3466ms total)
T1594 1016:519 JLINK_IsHalted()  returns FALSE (0001ms, 3465ms total)
T1594 1017:160 JLINK_IsHalted()  returns FALSE (0002ms, 3466ms total)
T1594 1017:802 JLINK_IsHalted()  returns FALSE (0001ms, 3465ms total)
T1594 1018:443 JLINK_IsHalted()  returns FALSE (0002ms, 3466ms total)
T1594 1019:085 JLINK_IsHalted()  returns FALSE (0001ms, 3465ms total)
T1594 1019:726 JLINK_IsHalted()  returns FALSE (0002ms, 3466ms total)
T1594 1020:368 JLINK_IsHalted()  returns FALSE (0001ms, 3465ms total)
T1594 1021:009 JLINK_IsHalted()  returns FALSE (0002ms, 3466ms total)
T1594 1021:651 JLINK_IsHalted()  returns FALSE (0001ms, 3465ms total)
T1594 1022:292 JLINK_IsHalted()  returns FALSE (0002ms, 3466ms total)
T1594 1022:934 JLINK_IsHalted()  returns FALSE (0001ms, 3465ms total)
T1594 1023:575 JLINK_IsHalted()  returns FALSE (0002ms, 3466ms total)
T1594 1024:217 JLINK_IsHalted()  returns FALSE (0001ms, 3465ms total)
T1594 1024:859 JLINK_IsHalted()  returns FALSE (0002ms, 3466ms total)
T1594 1025:501 JLINK_IsHalted()  returns FALSE (0000ms, 3464ms total)
T1594 1026:141 JLINK_IsHalted()  returns FALSE (0002ms, 3466ms total)
T1594 1026:783 JLINK_IsHalted()  returns FALSE (0001ms, 3465ms total)
T1594 1027:424 JLINK_IsHalted()  returns FALSE (0002ms, 3466ms total)
T1594 1028:066 JLINK_IsHalted()  returns FALSE (0001ms, 3465ms total)
T1594 1028:707 JLINK_IsHalted()  returns FALSE (0002ms, 3466ms total)
T1594 1029:349 JLINK_IsHalted()  returns FALSE (0001ms, 3465ms total)
T1594 1029:990 JLINK_IsHalted()  returns FALSE (0002ms, 3466ms total)
T1594 1030:632 JLINK_IsHalted()  returns FALSE (0001ms, 3465ms total)
T1594 1031:273 JLINK_IsHalted()  returns FALSE (0002ms, 3466ms total)
T1594 1031:915 JLINK_IsHalted()  returns FALSE (0001ms, 3465ms total)
T1594 1032:556 JLINK_IsHalted()  returns FALSE (0002ms, 3466ms total)
T1594 1033:198 JLINK_IsHalted()  returns FALSE (0001ms, 3465ms total)
T1594 1033:839 JLINK_IsHalted()  returns FALSE (0002ms, 3466ms total)
T1594 1034:481 JLINK_IsHalted()  returns FALSE (0001ms, 3465ms total)
T1594 1035:122 JLINK_IsHalted()  returns FALSE (0002ms, 3466ms total)
T1594 1035:764 JLINK_IsHalted()  returns FALSE (0001ms, 3465ms total)
T1594 1036:405 JLINK_IsHalted()  returns FALSE (0002ms, 3466ms total)
T1594 1037:047 JLINK_IsHalted()  returns FALSE (0001ms, 3465ms total)
T1594 1037:688 JLINK_IsHalted()  returns FALSE (0002ms, 3466ms total)
T1594 1038:330 JLINK_IsHalted()  returns FALSE (0001ms, 3465ms total)
T1594 1038:971 JLINK_IsHalted()  returns FALSE (0002ms, 3466ms total)
T1594 1039:613 JLINK_IsHalted()  returns FALSE (0001ms, 3465ms total)
T1594 1040:254 JLINK_IsHalted()  returns FALSE (0002ms, 3466ms total)
T1594 1040:896 JLINK_IsHalted()  returns FALSE (0001ms, 3465ms total)
T1594 1041:537 JLINK_IsHalted()  returns FALSE (0002ms, 3466ms total)
T1594 1042:180 JLINK_IsHalted()  returns FALSE (0001ms, 3465ms total)
T1594 1042:821 JLINK_IsHalted()  returns FALSE (0002ms, 3466ms total)
T1594 1043:463 JLINK_IsHalted()  returns FALSE (0001ms, 3465ms total)
T1594 1044:104 JLINK_IsHalted()  returns FALSE (0002ms, 3466ms total)
T1594 1044:746 JLINK_IsHalted()  returns FALSE (0001ms, 3465ms total)
T1594 1045:387 JLINK_IsHalted()  returns FALSE (0002ms, 3466ms total)
T1594 1046:029 JLINK_IsHalted()  returns FALSE (0001ms, 3465ms total)
T1594 1046:670 JLINK_IsHalted()  returns FALSE (0002ms, 3466ms total)
T1594 1047:312 JLINK_IsHalted()  returns FALSE (0001ms, 3465ms total)
T1594 1047:953 JLINK_IsHalted()  returns FALSE (0002ms, 3466ms total)
T1594 1048:595 JLINK_IsHalted()  returns FALSE (0001ms, 3465ms total)
T1594 1049:236 JLINK_IsHalted()  returns FALSE (0002ms, 3466ms total)
T1594 1049:878 JLINK_IsHalted()  returns FALSE (0001ms, 3465ms total)
T1594 1050:519 JLINK_IsHalted()  returns FALSE (0002ms, 3466ms total)
T1594 1051:161 JLINK_IsHalted()  returns FALSE (0001ms, 3465ms total)
T1594 1051:802 JLINK_IsHalted()  returns FALSE (0002ms, 3466ms total)
T1594 1052:444 JLINK_IsHalted()  returns FALSE (0001ms, 3465ms total)
T1594 1053:085 JLINK_IsHalted()  returns FALSE (0002ms, 3466ms total)
T1594 1053:727 JLINK_IsHalted()  returns FALSE (0001ms, 3465ms total)
T1594 1054:368 JLINK_IsHalted()  returns FALSE (0002ms, 3466ms total)
T1594 1055:010 JLINK_IsHalted()  returns FALSE (0001ms, 3465ms total)
T1594 1055:651 JLINK_IsHalted()  returns FALSE (0002ms, 3466ms total)
T1594 1056:293 JLINK_IsHalted()  returns FALSE (0001ms, 3465ms total)
T1594 1056:934 JLINK_IsHalted()  returns FALSE (0002ms, 3466ms total)
T1594 1057:576 JLINK_IsHalted()  returns FALSE (0001ms, 3465ms total)
T1594 1058:217 JLINK_IsHalted()  returns FALSE (0002ms, 3466ms total)
T1594 1058:859 JLINK_IsHalted()  returns FALSE (0001ms, 3465ms total)
T1594 1059:501 JLINK_IsHalted()  returns FALSE (0002ms, 3466ms total)
T1594 1060:143 JLINK_IsHalted()  returns FALSE (0001ms, 3465ms total)
T1594 1060:784 JLINK_IsHalted()  returns FALSE (0002ms, 3466ms total)
T1594 1061:426 JLINK_IsHalted()  returns FALSE (0001ms, 3465ms total)
T1594 1062:067 JLINK_IsHalted()  returns FALSE (0002ms, 3466ms total)
T1594 1062:709 JLINK_IsHalted()  returns FALSE (0001ms, 3465ms total)
T1594 1063:350 JLINK_IsHalted()  returns FALSE (0002ms, 3466ms total)
T1594 1063:992 JLINK_IsHalted()  returns FALSE (0001ms, 3465ms total)
T1594 1064:633 JLINK_IsHalted()  returns FALSE (0002ms, 3466ms total)
T1594 1065:275 JLINK_IsHalted()  returns FALSE (0001ms, 3465ms total)
T1594 1065:916 JLINK_IsHalted()  returns FALSE (0002ms, 3466ms total)
T1594 1066:558 JLINK_IsHalted()  returns FALSE (0001ms, 3465ms total)
T1594 1067:199 JLINK_IsHalted()  returns FALSE (0002ms, 3466ms total)
T1594 1067:841 JLINK_IsHalted()  returns FALSE (0001ms, 3465ms total)
T1594 1068:482 JLINK_IsHalted()  returns FALSE (0002ms, 3466ms total)
T1594 1069:124 JLINK_IsHalted()  returns FALSE (0001ms, 3465ms total)
T1594 1069:765 JLINK_IsHalted()  returns FALSE (0002ms, 3466ms total)
T1594 1070:407 JLINK_IsHalted()  returns FALSE (0001ms, 3465ms total)
T1594 1071:048 JLINK_IsHalted()  returns FALSE (0002ms, 3466ms total)
T1594 1071:690 JLINK_IsHalted()  returns FALSE (0001ms, 3465ms total)
T1594 1072:331 JLINK_IsHalted()  returns FALSE (0002ms, 3466ms total)
T1594 1072:973 JLINK_IsHalted()  returns FALSE (0001ms, 3465ms total)
T1594 1073:614 JLINK_IsHalted()  returns FALSE (0002ms, 3466ms total)
T1594 1074:256 JLINK_IsHalted()  returns FALSE (0001ms, 3465ms total)
T1594 1074:897 JLINK_IsHalted()  returns FALSE (0002ms, 3466ms total)
T1594 1075:539 JLINK_IsHalted()  returns FALSE (0001ms, 3465ms total)
T1594 1076:180 JLINK_IsHalted()  returns FALSE (0002ms, 3466ms total)
T1594 1076:823 JLINK_IsHalted()  returns FALSE (0001ms, 3465ms total)
T1594 1077:464 JLINK_IsHalted()  returns FALSE (0002ms, 3466ms total)
T1594 1078:106 JLINK_IsHalted()  returns FALSE (0001ms, 3465ms total)
T1594 1078:747 JLINK_IsHalted()  returns FALSE (0002ms, 3466ms total)
T1594 1079:389 JLINK_IsHalted()  returns FALSE (0001ms, 3465ms total)
T1594 1080:030 JLINK_IsHalted()  returns FALSE (0002ms, 3466ms total)
T1594 1080:672 JLINK_IsHalted()  returns FALSE (0001ms, 3465ms total)
T1594 1081:313 JLINK_IsHalted()  returns FALSE (0002ms, 3466ms total)
T1594 1081:955 JLINK_IsHalted()  returns FALSE (0001ms, 3465ms total)
T1594 1082:596 JLINK_IsHalted()  returns FALSE (0002ms, 3466ms total)
T1594 1083:238 JLINK_IsHalted()  returns FALSE (0001ms, 3465ms total)
T1594 1083:879 JLINK_IsHalted()  returns FALSE (0002ms, 3466ms total)
T1594 1084:521 JLINK_IsHalted()  returns FALSE (0001ms, 3465ms total)
T1594 1085:162 JLINK_IsHalted()  returns FALSE (0002ms, 3466ms total)
T1594 1085:804 JLINK_IsHalted()  returns FALSE (0001ms, 3465ms total)
T1594 1086:445 JLINK_IsHalted()  returns FALSE (0002ms, 3466ms total)
T1594 1087:087 JLINK_IsHalted()  returns FALSE (0001ms, 3465ms total)
T1594 1087:728 JLINK_IsHalted()  returns FALSE (0002ms, 3466ms total)
T1594 1088:370 JLINK_IsHalted()  returns FALSE (0001ms, 3465ms total)
T1594 1089:011 JLINK_IsHalted()  returns FALSE (0002ms, 3466ms total)
T1594 1089:653 JLINK_IsHalted()  returns FALSE (0001ms, 3465ms total)
T1594 1090:294 JLINK_IsHalted()  returns FALSE (0002ms, 3466ms total)
T1594 1090:936 JLINK_IsHalted()  returns FALSE (0001ms, 3465ms total)
T1594 1091:577 JLINK_IsHalted()  returns FALSE (0002ms, 3466ms total)
T1594 1092:219 JLINK_IsHalted()  returns FALSE (0001ms, 3465ms total)
T1594 1092:860 JLINK_IsHalted()  returns FALSE (0002ms, 3466ms total)
T1594 1093:502 JLINK_IsHalted()  returns FALSE (0001ms, 3465ms total)
T1594 1094:143 JLINK_IsHalted()  returns FALSE (0002ms, 3466ms total)
T1594 1094:786 JLINK_IsHalted()  returns FALSE (0001ms, 3465ms total)
T1594 1095:427 JLINK_IsHalted()  returns FALSE (0002ms, 3466ms total)
T1594 1096:069 JLINK_IsHalted()  returns FALSE (0000ms, 3464ms total)
T1594 1096:709 JLINK_IsHalted()  returns FALSE (0002ms, 3466ms total)
T1594 1097:351 JLINK_IsHalted()  returns FALSE (0001ms, 3465ms total)
T1594 1097:992 JLINK_IsHalted()  returns FALSE (0002ms, 3466ms total)
T1594 1098:634 JLINK_IsHalted()  returns FALSE (0001ms, 3465ms total)
T1594 1099:275 JLINK_IsHalted()  returns FALSE (0002ms, 3466ms total)
T1594 1099:917 JLINK_IsHalted()  returns FALSE (0001ms, 3465ms total)
T1594 1100:558 JLINK_IsHalted()  returns FALSE (0002ms, 3466ms total)
T1594 1101:200 JLINK_IsHalted()  returns FALSE (0001ms, 3465ms total)
T1594 1101:841 JLINK_IsHalted()  returns FALSE (0002ms, 3466ms total)
T1594 1102:483 JLINK_IsHalted()  returns FALSE (0001ms, 3465ms total)
T1594 1103:124 JLINK_IsHalted()  returns FALSE (0002ms, 3466ms total)
T1594 1103:766 JLINK_IsHalted()  returns FALSE (0001ms, 3465ms total)
T1594 1104:407 JLINK_IsHalted()  returns FALSE (0002ms, 3466ms total)
T1594 1105:049 JLINK_IsHalted()  returns FALSE (0001ms, 3465ms total)
T1594 1105:690 JLINK_IsHalted()  returns FALSE (0002ms, 3466ms total)
T1594 1106:332 JLINK_IsHalted()  returns FALSE (0001ms, 3465ms total)
T1594 1106:973 JLINK_IsHalted()  returns FALSE (0002ms, 3466ms total)
T1594 1107:615 JLINK_IsHalted()  returns FALSE (0001ms, 3465ms total)
T1594 1108:256 JLINK_IsHalted()  returns FALSE (0002ms, 3466ms total)
T1594 1108:898 JLINK_IsHalted()  returns FALSE (0001ms, 3465ms total)
T1594 1109:539 JLINK_IsHalted()  returns FALSE (0002ms, 3466ms total)
T1594 1110:181 JLINK_IsHalted()  returns FALSE (0001ms, 3465ms total)
T1594 1110:822 JLINK_IsHalted()  returns FALSE (0002ms, 3466ms total)
T1594 1111:464 JLINK_IsHalted()  returns FALSE (0001ms, 3465ms total)
T1594 1112:106 JLINK_IsHalted()  returns FALSE (0002ms, 3466ms total)
T1594 1112:748 JLINK_IsHalted()  returns FALSE (0001ms, 3465ms total)
T1594 1113:389 JLINK_IsHalted()  returns FALSE (0002ms, 3466ms total)
T1594 1114:031 JLINK_IsHalted()  returns FALSE (0001ms, 3465ms total)
T1594 1114:672 JLINK_IsHalted()  returns FALSE (0002ms, 3466ms total)
T1594 1115:314 JLINK_IsHalted()  returns FALSE (0001ms, 3465ms total)
T1594 1115:955 JLINK_IsHalted()  returns FALSE (0002ms, 3466ms total)
T1594 1116:597 JLINK_IsHalted()  returns FALSE (0000ms, 3464ms total)
T1594 1117:237 JLINK_IsHalted()  returns FALSE (0002ms, 3466ms total)
T1594 1117:879 JLINK_IsHalted()  returns FALSE (0001ms, 3465ms total)
T1594 1118:520 JLINK_IsHalted()  returns FALSE (0002ms, 3466ms total)
T1594 1119:162 JLINK_IsHalted()  returns FALSE (0001ms, 3465ms total)
T1594 1119:803 JLINK_IsHalted()  returns FALSE (0002ms, 3466ms total)
T1594 1120:445 JLINK_IsHalted()  returns FALSE (0001ms, 3465ms total)
T1594 1121:086 JLINK_IsHalted()  returns FALSE (0002ms, 3466ms total)
T1594 1121:728 JLINK_IsHalted()  returns FALSE (0001ms, 3465ms total)
T1594 1122:372 JLINK_IsHalted()  returns FALSE (0002ms, 3466ms total)
T1594 1123:014 JLINK_IsHalted()  returns FALSE (0001ms, 3465ms total)
T1594 1123:655 JLINK_IsHalted()  returns FALSE (0002ms, 3466ms total)
T1594 1124:297 JLINK_IsHalted()  returns FALSE (0001ms, 3465ms total)
T1594 1124:938 JLINK_IsHalted()  returns FALSE (0002ms, 3466ms total)
T1594 1125:580 JLINK_IsHalted()  returns FALSE (0001ms, 3465ms total)
T1594 1126:221 JLINK_IsHalted()  returns FALSE (0002ms, 3466ms total)
T1594 1126:863 JLINK_IsHalted()  returns FALSE (0001ms, 3465ms total)
T1594 1127:504 JLINK_IsHalted()  returns FALSE (0002ms, 3466ms total)
T1594 1128:146 JLINK_IsHalted()  returns FALSE (0157ms, 3621ms total)
T1594 1128:943 JLINK_IsHalted()  returns FALSE (0002ms, 3466ms total)
T1594 1129:586 JLINK_IsHalted()  returns FALSE (0001ms, 3465ms total)
T1594 1130:227 JLINK_IsHalted()  returns FALSE (0002ms, 3466ms total)
T1594 1130:869 JLINK_IsHalted()  returns FALSE (0001ms, 3465ms total)
T1594 1131:510 JLINK_IsHalted()  returns FALSE (0002ms, 3466ms total)
T1594 1132:152 JLINK_IsHalted()  returns FALSE (0001ms, 3465ms total)
T1594 1132:793 JLINK_IsHalted()  returns FALSE (0002ms, 3466ms total)
T1594 1133:435 JLINK_IsHalted()  returns FALSE (0001ms, 3465ms total)
T1594 1134:076 JLINK_IsHalted()  returns FALSE (0002ms, 3466ms total)
T1594 1134:718 JLINK_IsHalted()  returns FALSE (0001ms, 3465ms total)
T1594 1135:359 JLINK_IsHalted()  returns FALSE (0002ms, 3466ms total)
T1594 1136:001 JLINK_IsHalted()  returns FALSE (0001ms, 3465ms total)
T1594 1136:642 JLINK_IsHalted()  returns FALSE (0002ms, 3466ms total)
T1594 1137:284 JLINK_IsHalted()  returns FALSE (0001ms, 3465ms total)
T1594 1137:925 JLINK_IsHalted()  returns FALSE (0002ms, 3466ms total)
T1594 1138:567 JLINK_IsHalted()  returns FALSE (0001ms, 3465ms total)
T1594 1139:208 JLINK_IsHalted()  returns FALSE (0002ms, 3466ms total)
T1594 1139:850 JLINK_IsHalted()  returns FALSE (0001ms, 3465ms total)
T1594 1140:491 JLINK_IsHalted()  returns FALSE (0002ms, 3466ms total)
T1594 1141:133 JLINK_IsHalted()  returns FALSE (0001ms, 3465ms total)
T1594 1141:774 JLINK_IsHalted()  returns FALSE (0002ms, 3466ms total)
T1594 1142:416 JLINK_IsHalted()  returns FALSE (0001ms, 3465ms total)
T1594 1143:057 JLINK_IsHalted()  returns FALSE (0002ms, 3466ms total)
T1594 1143:699 JLINK_IsHalted()  returns FALSE (0001ms, 3465ms total)
T1594 1144:340 JLINK_IsHalted()  returns FALSE (0002ms, 3466ms total)
T1594 1144:982 JLINK_IsHalted()  returns FALSE (0001ms, 3465ms total)
T1594 1145:623 JLINK_IsHalted()  returns FALSE (0002ms, 3466ms total)
T1594 1146:275 JLINK_IsHalted()  returns FALSE (0001ms, 3465ms total)
T1594 1146:917 JLINK_IsHalted()  returns FALSE (0002ms, 3466ms total)
T1594 1147:559 JLINK_IsHalted()  returns FALSE (0001ms, 3465ms total)
T1594 1148:200 JLINK_IsHalted()  returns FALSE (0002ms, 3466ms total)
T1594 1148:842 JLINK_IsHalted()  returns FALSE (0001ms, 3465ms total)
T1594 1149:483 JLINK_IsHalted()  returns FALSE (0002ms, 3466ms total)
T1594 1150:125 JLINK_IsHalted()  returns FALSE (0001ms, 3465ms total)
T1594 1150:766 JLINK_IsHalted()  returns FALSE (0002ms, 3466ms total)
T1594 1151:408 JLINK_IsHalted()  returns FALSE (0001ms, 3465ms total)
T1594 1152:049 JLINK_IsHalted()  returns FALSE (0002ms, 3466ms total)
T1594 1152:691 JLINK_IsHalted()  returns FALSE (0001ms, 3465ms total)
T1594 1153:332 JLINK_IsHalted()  returns FALSE (0002ms, 3466ms total)
T1594 1153:974 JLINK_IsHalted()  returns FALSE (0001ms, 3465ms total)
T1594 1154:615 JLINK_IsHalted()  returns FALSE (0002ms, 3466ms total)
T1594 1155:257 JLINK_IsHalted()  returns FALSE (0001ms, 3465ms total)
T1594 1155:898 JLINK_IsHalted()  returns FALSE (0002ms, 3466ms total)
T1594 1156:540 JLINK_IsHalted()  returns FALSE (0001ms, 3465ms total)
T1594 1157:181 JLINK_IsHalted()  returns FALSE (0002ms, 3466ms total)
T1594 1157:823 JLINK_IsHalted()  returns FALSE (0001ms, 3465ms total)
T1594 1158:464 JLINK_IsHalted()  returns FALSE (0002ms, 3466ms total)
T1594 1159:106 JLINK_IsHalted()  returns FALSE (0001ms, 3465ms total)
T1594 1159:747 JLINK_IsHalted()  returns FALSE (0002ms, 3466ms total)
T1594 1160:389 JLINK_IsHalted()  returns FALSE (0001ms, 3465ms total)
T1594 1161:030 JLINK_IsHalted()  returns FALSE (0002ms, 3466ms total)
T1594 1161:672 JLINK_IsHalted()  returns FALSE (0001ms, 3465ms total)
T1594 1162:313 JLINK_IsHalted()  returns FALSE (0002ms, 3466ms total)
T1594 1162:955 JLINK_IsHalted()  returns FALSE (0001ms, 3465ms total)
T1594 1163:596 JLINK_IsHalted()  returns FALSE (0001ms, 3465ms total)
T1594 1164:238 JLINK_IsHalted()  returns FALSE (0001ms, 3465ms total)
T1594 1164:879 JLINK_IsHalted()  returns FALSE (0002ms, 3466ms total)
T1594 1165:521 JLINK_IsHalted()  returns FALSE (0001ms, 3465ms total)
T1594 1166:162 JLINK_IsHalted()  returns FALSE (0002ms, 3466ms total)
T1594 1166:804 JLINK_IsHalted()  returns FALSE (0001ms, 3465ms total)
T1594 1167:445 JLINK_IsHalted()  returns FALSE (0001ms, 3465ms total)
T1594 1168:086 JLINK_IsHalted()  returns FALSE (0001ms, 3465ms total)
T1594 1168:727 JLINK_IsHalted()  returns FALSE (0002ms, 3466ms total)
T1594 1169:369 JLINK_IsHalted()  returns FALSE (0001ms, 3465ms total)
T1594 1170:010 JLINK_IsHalted()  returns FALSE (0002ms, 3466ms total)
T1594 1170:652 JLINK_IsHalted()  returns FALSE (0001ms, 3465ms total)
T1594 1171:293 JLINK_IsHalted()  returns FALSE (0002ms, 3466ms total)
T1594 1171:935 JLINK_IsHalted()  returns FALSE (0001ms, 3465ms total)
T1594 1172:576 JLINK_IsHalted()  returns FALSE (0002ms, 3466ms total)
T1594 1173:218 JLINK_IsHalted()  returns FALSE (0001ms, 3465ms total)
T1594 1173:859 JLINK_IsHalted()  returns FALSE (0002ms, 3466ms total)
T1594 1174:501 JLINK_IsHalted()  returns FALSE (0001ms, 3465ms total)
T1594 1175:142 JLINK_IsHalted()  returns FALSE (0002ms, 3466ms total)
T1594 1175:784 JLINK_IsHalted()  returns FALSE (0001ms, 3465ms total)
T1594 1176:425 JLINK_IsHalted()  returns FALSE (0002ms, 3466ms total)
T1594 1177:067 JLINK_IsHalted()  returns FALSE (0001ms, 3465ms total)
T1594 1177:708 JLINK_IsHalted()  returns FALSE (0002ms, 3466ms total)
T1594 1178:350 JLINK_IsHalted()  returns FALSE (0001ms, 3465ms total)
T1594 1178:991 JLINK_IsHalted()  returns FALSE (0002ms, 3466ms total)
T1594 1179:633 JLINK_IsHalted()  returns FALSE (0001ms, 3465ms total)
T1594 1180:274 JLINK_IsHalted()  returns FALSE (0002ms, 3466ms total)
T1594 1180:916 JLINK_IsHalted()  returns FALSE (0001ms, 3465ms total)
T1594 1181:557 JLINK_IsHalted()  returns FALSE (0002ms, 3466ms total)
T1594 1182:200 JLINK_IsHalted()  returns FALSE (0001ms, 3465ms total)
T1594 1182:841 JLINK_IsHalted()  returns FALSE (0002ms, 3466ms total)
T1594 1183:483 JLINK_IsHalted()  returns FALSE (0001ms, 3465ms total)
T1594 1184:124 JLINK_IsHalted()  returns FALSE (0002ms, 3466ms total)
T1594 1184:766 JLINK_IsHalted()  returns FALSE (0001ms, 3465ms total)
T1594 1185:407 JLINK_IsHalted()  returns FALSE (0002ms, 3466ms total)
T1594 1186:049 JLINK_IsHalted()  returns FALSE (0001ms, 3465ms total)
T1594 1186:690 JLINK_IsHalted()  returns FALSE (0002ms, 3466ms total)
T1594 1187:332 JLINK_IsHalted()  returns FALSE (0001ms, 3465ms total)
T1594 1187:973 JLINK_IsHalted()  returns FALSE (0002ms, 3466ms total)
T1594 1188:615 JLINK_IsHalted()  returns FALSE (0001ms, 3465ms total)
T1594 1189:256 JLINK_IsHalted()  returns FALSE (0002ms, 3466ms total)
T1594 1189:898 JLINK_IsHalted()  returns FALSE (0001ms, 3465ms total)
T1594 1190:539 JLINK_IsHalted()  returns FALSE (0002ms, 3466ms total)
T1594 1191:181 JLINK_IsHalted()  returns FALSE (0001ms, 3465ms total)
T1594 1191:822 JLINK_IsHalted()  returns FALSE (0002ms, 3466ms total)
T1594 1192:464 JLINK_IsHalted()  returns FALSE (0001ms, 3465ms total)
T1594 1193:105 JLINK_IsHalted()  returns FALSE (0002ms, 3466ms total)
T1594 1193:747 JLINK_IsHalted()  returns FALSE (0001ms, 3465ms total)
T1594 1194:388 JLINK_IsHalted()  returns FALSE (0002ms, 3466ms total)
T1594 1195:030 JLINK_IsHalted()  returns FALSE (0001ms, 3465ms total)
T1594 1195:671 JLINK_IsHalted()  returns FALSE (0002ms, 3466ms total)
T1594 1196:313 JLINK_IsHalted()  returns FALSE (0001ms, 3465ms total)
T1594 1196:954 JLINK_IsHalted()  returns FALSE (0002ms, 3466ms total)
T1594 1197:596 JLINK_IsHalted()  returns FALSE (0001ms, 3465ms total)
T1594 1198:237 JLINK_IsHalted()  returns FALSE (0002ms, 3466ms total)
T1594 1198:879 JLINK_IsHalted()  returns FALSE (0001ms, 3465ms total)
T1594 1199:521 JLINK_IsHalted()  returns FALSE (0002ms, 3466ms total)
T1594 1200:163 JLINK_IsHalted()  returns FALSE (0001ms, 3465ms total)
T1594 1200:804 JLINK_IsHalted()  returns FALSE (0002ms, 3466ms total)
T1594 1201:446 JLINK_IsHalted()  returns FALSE (0001ms, 3465ms total)
T1594 1202:087 JLINK_IsHalted()  returns FALSE (0002ms, 3466ms total)
T1594 1202:729 JLINK_IsHalted()  returns FALSE (0001ms, 3465ms total)
T1594 1203:370 JLINK_IsHalted()  returns FALSE (0002ms, 3466ms total)
T1594 1204:012 JLINK_IsHalted()  returns FALSE (0003ms, 3467ms total)
T1594 1204:655 JLINK_IsHalted()  returns FALSE (0002ms, 3466ms total)
T1594 1205:297 JLINK_IsHalted()  returns FALSE (0001ms, 3465ms total)
T1594 1205:938 JLINK_IsHalted()  returns FALSE (0002ms, 3466ms total)
T1594 1206:580 JLINK_IsHalted()  returns FALSE (0001ms, 3465ms total)
T1594 1207:221 JLINK_IsHalted()  returns FALSE (0002ms, 3466ms total)
T1594 1207:863 JLINK_IsHalted()  returns FALSE (0001ms, 3465ms total)
T1594 1208:504 JLINK_IsHalted()  returns FALSE (0002ms, 3466ms total)
T1594 1209:146 JLINK_IsHalted()  returns FALSE (0001ms, 3465ms total)
T1594 1209:787 JLINK_IsHalted()  returns FALSE (0002ms, 3466ms total)
T1594 1210:429 JLINK_IsHalted()  returns FALSE (0001ms, 3465ms total)
T1594 1211:070 JLINK_IsHalted()  returns FALSE (0002ms, 3466ms total)
T1594 1211:712 JLINK_IsHalted()  returns FALSE (0001ms, 3465ms total)
T1594 1212:353 JLINK_IsHalted()  returns FALSE (0002ms, 3466ms total)
T1594 1212:995 JLINK_IsHalted()  returns FALSE (0001ms, 3465ms total)
T1594 1213:636 JLINK_IsHalted()  returns FALSE (0002ms, 3466ms total)
T1594 1214:278 JLINK_IsHalted()  returns FALSE (0001ms, 3465ms total)
T1594 1214:919 JLINK_IsHalted()  returns FALSE (0002ms, 3466ms total)
T1594 1215:561 JLINK_IsHalted()  returns FALSE (0001ms, 3465ms total)
T1594 1216:202 JLINK_IsHalted()  returns FALSE (0002ms, 3466ms total)
T1594 1216:845 JLINK_IsHalted()  returns FALSE (0001ms, 3465ms total)
T1594 1217:486 JLINK_IsHalted()  returns FALSE (0002ms, 3466ms total)
T1594 1218:128 JLINK_IsHalted()  returns FALSE (0001ms, 3465ms total)
T1594 1218:769 JLINK_IsHalted()  returns FALSE (0002ms, 3466ms total)
T1594 1219:411 JLINK_IsHalted()  returns FALSE (0001ms, 3465ms total)
T1594 1220:052 JLINK_IsHalted()  returns FALSE (0002ms, 3466ms total)
T1594 1220:694 JLINK_IsHalted()  returns FALSE (0001ms, 3465ms total)
T1594 1221:335 JLINK_IsHalted()  returns FALSE (0002ms, 3466ms total)
T1594 1221:977 JLINK_IsHalted()  returns FALSE (0001ms, 3465ms total)
T1594 1222:618 JLINK_IsHalted()  returns FALSE (0002ms, 3466ms total)
T1594 1223:260 JLINK_IsHalted()  returns FALSE (0001ms, 3465ms total)
T1594 1223:901 JLINK_IsHalted()  returns FALSE (0002ms, 3466ms total)
T1594 1224:543 JLINK_IsHalted()  returns FALSE (0001ms, 3465ms total)
T1594 1225:184 JLINK_IsHalted()  returns FALSE (0002ms, 3466ms total)
T1594 1225:826 JLINK_IsHalted()  returns FALSE (0001ms, 3465ms total)
T1594 1226:467 JLINK_IsHalted()  returns FALSE (0002ms, 3466ms total)
T1594 1227:109 JLINK_IsHalted()  returns FALSE (0001ms, 3465ms total)
T1594 1227:750 JLINK_IsHalted()  returns FALSE (0002ms, 3466ms total)
T1594 1228:392 JLINK_IsHalted()  returns FALSE (0001ms, 3465ms total)
T1594 1229:033 JLINK_IsHalted()  returns FALSE (0002ms, 3466ms total)
T1594 1229:675 JLINK_IsHalted()  returns FALSE (0001ms, 3465ms total)
T1594 1230:316 JLINK_IsHalted()  returns FALSE (0002ms, 3466ms total)
T1594 1230:958 JLINK_IsHalted()  returns FALSE (0001ms, 3465ms total)
T1594 1231:599 JLINK_IsHalted()  returns FALSE (0002ms, 3466ms total)
T1594 1232:241 JLINK_IsHalted()  returns FALSE (0001ms, 3465ms total)
T1594 1232:882 JLINK_IsHalted()  returns FALSE (0002ms, 3466ms total)
T1594 1233:524 JLINK_IsHalted()  returns FALSE (0001ms, 3465ms total)
T1594 1234:166 JLINK_IsHalted()  returns FALSE (0002ms, 3466ms total)
T1594 1234:808 JLINK_IsHalted()  returns FALSE (0001ms, 3465ms total)
T1594 1235:449 JLINK_IsHalted()  returns FALSE (0002ms, 3466ms total)
T1594 1236:091 JLINK_IsHalted()  returns FALSE (0001ms, 3465ms total)
T1594 1236:732 JLINK_IsHalted()  returns FALSE (0002ms, 3466ms total)
T1594 1237:374 JLINK_IsHalted()  returns FALSE (0001ms, 3465ms total)
T1594 1238:015 JLINK_IsHalted()  returns FALSE (0002ms, 3466ms total)
T1594 1238:657 JLINK_IsHalted()  returns FALSE (0001ms, 3465ms total)
T1594 1239:298 JLINK_IsHalted()  returns FALSE (0002ms, 3466ms total)
T1594 1239:940 JLINK_IsHalted()  returns FALSE (0001ms, 3465ms total)
T1594 1240:581 JLINK_IsHalted()  returns FALSE (0002ms, 3466ms total)
T1594 1241:223 JLINK_IsHalted()  returns FALSE (0001ms, 3465ms total)
T1594 1241:864 JLINK_IsHalted()  returns FALSE (0002ms, 3466ms total)
T1594 1242:506 JLINK_IsHalted()  returns FALSE (0001ms, 3465ms total)
T1594 1243:147 JLINK_IsHalted()  returns FALSE (0002ms, 3466ms total)
T1594 1243:789 JLINK_IsHalted()  returns FALSE (0001ms, 3465ms total)
T1594 1244:430 JLINK_IsHalted()  returns FALSE (0002ms, 3466ms total)
T1594 1245:072 JLINK_IsHalted()  returns FALSE (0001ms, 3465ms total)
T1594 1245:713 JLINK_IsHalted()  returns FALSE (0002ms, 3466ms total)
T1594 1246:355 JLINK_IsHalted()  returns FALSE (0001ms, 3465ms total)
T1594 1246:996 JLINK_IsHalted()  returns FALSE (0002ms, 3466ms total)
T1594 1247:638 JLINK_IsHalted()  returns FALSE (0001ms, 3465ms total)
T1594 1248:279 JLINK_IsHalted()  returns FALSE (0002ms, 3466ms total)
T1594 1248:921 JLINK_IsHalted()  returns FALSE (0001ms, 3465ms total)
T1594 1249:562 JLINK_IsHalted()  returns FALSE (0002ms, 3466ms total)
T1594 1250:204 JLINK_IsHalted()  returns FALSE (0001ms, 3465ms total)
T1594 1250:845 JLINK_IsHalted()  returns FALSE (0002ms, 3466ms total)
T1594 1251:487 JLINK_IsHalted()  returns FALSE (0001ms, 3465ms total)
T1594 1252:129 JLINK_IsHalted()  returns FALSE (0002ms, 3466ms total)
T1594 1252:771 JLINK_IsHalted()  returns FALSE (0001ms, 3465ms total)
T1594 1253:412 JLINK_IsHalted()  returns FALSE (0002ms, 3466ms total)
T1594 1254:054 JLINK_IsHalted()  returns FALSE (0001ms, 3465ms total)
T1594 1254:695 JLINK_IsHalted()  returns FALSE (0002ms, 3466ms total)
T1594 1255:337 JLINK_IsHalted()  returns FALSE (0001ms, 3465ms total)
T1594 1255:978 JLINK_IsHalted()  returns FALSE (0002ms, 3466ms total)
T1594 1256:620 JLINK_IsHalted()  returns FALSE (0001ms, 3465ms total)
T1594 1257:261 JLINK_IsHalted()  returns FALSE (0001ms, 3465ms total)
T1594 1257:902 JLINK_IsHalted()  returns FALSE (0001ms, 3465ms total)
T1594 1258:543 JLINK_IsHalted()  returns FALSE (0002ms, 3466ms total)
T1594 1259:185 JLINK_IsHalted()  returns FALSE (0001ms, 3465ms total)
T1594 1259:826 JLINK_IsHalted()  returns FALSE (0002ms, 3466ms total)
T1594 1260:468 JLINK_IsHalted()  returns FALSE (0001ms, 3465ms total)
T1594 1261:109 JLINK_IsHalted()  returns FALSE (0001ms, 3465ms total)
T1594 1261:750 JLINK_IsHalted()  returns FALSE (0001ms, 3465ms total)
T1594 1262:391 JLINK_IsHalted()  returns FALSE (0002ms, 3466ms total)
T1594 1263:033 JLINK_IsHalted()  returns FALSE (0001ms, 3465ms total)
T1594 1263:674 JLINK_IsHalted()  returns FALSE (0002ms, 3466ms total)
T1594 1264:316 JLINK_IsHalted()  returns FALSE (0001ms, 3465ms total)
T1594 1264:957 JLINK_IsHalted()  returns FALSE (0002ms, 3466ms total)
T1594 1265:599 JLINK_IsHalted()  returns FALSE (0001ms, 3465ms total)
T1594 1266:240 JLINK_IsHalted()  returns FALSE (0002ms, 3466ms total)
T1594 1266:882 JLINK_IsHalted()  returns FALSE (0001ms, 3465ms total)
T1594 1267:523 JLINK_IsHalted()  returns FALSE (0002ms, 3466ms total)
T1594 1268:165 JLINK_IsHalted()  returns FALSE (0001ms, 3465ms total)
T1594 1268:806 JLINK_IsHalted()  returns FALSE (0002ms, 3466ms total)
T1594 1269:449 JLINK_IsHalted()  returns FALSE (0001ms, 3465ms total)
T1594 1270:090 JLINK_IsHalted()  returns FALSE (0002ms, 3466ms total)
T1594 1270:732 JLINK_IsHalted()  returns FALSE (0001ms, 3465ms total)
T1594 1271:373 JLINK_IsHalted()  returns FALSE (0002ms, 3466ms total)
T1594 1272:015 JLINK_IsHalted()  returns FALSE (0001ms, 3465ms total)
T1594 1272:656 JLINK_IsHalted()  returns FALSE (0002ms, 3466ms total)
T1594 1273:298 JLINK_IsHalted()  returns FALSE (0001ms, 3465ms total)
T1594 1273:939 JLINK_IsHalted()  returns FALSE (0002ms, 3466ms total)
T1594 1274:581 JLINK_IsHalted()  returns FALSE (0001ms, 3465ms total)
T1594 1275:222 JLINK_IsHalted()  returns FALSE (0002ms, 3466ms total)
T1594 1275:864 JLINK_IsHalted()  returns FALSE (0001ms, 3465ms total)
T1594 1276:505 JLINK_IsHalted()  returns FALSE (0002ms, 3466ms total)
T1594 1277:147 JLINK_IsHalted()  returns FALSE (0001ms, 3465ms total)
T1594 1277:788 JLINK_IsHalted()  returns FALSE (0002ms, 3466ms total)
T1594 1278:430 JLINK_IsHalted()  returns FALSE (0001ms, 3465ms total)
T1594 1279:071 JLINK_IsHalted()  returns FALSE (0002ms, 3466ms total)
T1594 1279:713 JLINK_IsHalted()  returns FALSE (0001ms, 3465ms total)
T1594 1280:354 JLINK_IsHalted()  returns FALSE (0002ms, 3466ms total)
T1594 1280:996 JLINK_IsHalted()  returns FALSE (0001ms, 3465ms total)
T1594 1281:637 JLINK_IsHalted()  returns FALSE (0002ms, 3466ms total)
T1594 1282:279 JLINK_IsHalted()  returns FALSE (0001ms, 3465ms total)
T1594 1282:920 JLINK_IsHalted()  returns FALSE (0002ms, 3466ms total)
T1594 1283:562 JLINK_IsHalted()  returns FALSE (0001ms, 3465ms total)
T1594 1284:203 JLINK_IsHalted()  returns FALSE (0002ms, 3466ms total)
T1594 1284:845 JLINK_IsHalted()  returns FALSE (0001ms, 3465ms total)
T1594 1285:486 JLINK_IsHalted()  returns FALSE (0002ms, 3466ms total)
T1594 1286:128 JLINK_IsHalted()  returns FALSE (0001ms, 3465ms total)
T1594 1286:770 JLINK_IsHalted()  returns FALSE (0002ms, 3466ms total)
T1594 1287:412 JLINK_IsHalted()  returns FALSE (0001ms, 3465ms total)
T1594 1288:053 JLINK_IsHalted()  returns FALSE (0002ms, 3466ms total)
T1594 1288:695 JLINK_IsHalted()  returns FALSE (0001ms, 3465ms total)
T1594 1289:336 JLINK_IsHalted()  returns FALSE (0002ms, 3466ms total)
T1594 1289:978 JLINK_IsHalted()  returns FALSE (0001ms, 3465ms total)
T1594 1290:619 JLINK_IsHalted()  returns FALSE (0002ms, 3466ms total)
T1594 1291:261 JLINK_IsHalted()  returns FALSE (0001ms, 3465ms total)
T1594 1291:902 JLINK_IsHalted()  returns FALSE (0002ms, 3466ms total)
T1594 1292:544 JLINK_IsHalted()  returns FALSE (0001ms, 3465ms total)
T1594 1293:185 JLINK_IsHalted()  returns FALSE (0002ms, 3466ms total)
T1594 1293:827 JLINK_IsHalted()  returns FALSE (0001ms, 3465ms total)
T1594 1294:468 JLINK_IsHalted()  returns FALSE (0002ms, 3466ms total)
T1594 1295:110 JLINK_IsHalted()  returns FALSE (0001ms, 3465ms total)
T1594 1295:751 JLINK_IsHalted()  returns FALSE (0002ms, 3466ms total)
T1594 1296:393 JLINK_IsHalted()  returns FALSE (0001ms, 3465ms total)
T1594 1297:034 JLINK_IsHalted()  returns FALSE (0002ms, 3466ms total)
T1594 1297:676 JLINK_IsHalted()  returns FALSE (0001ms, 3465ms total)
T1594 1298:317 JLINK_IsHalted()  returns FALSE (0002ms, 3466ms total)
T1594 1298:959 JLINK_IsHalted()  returns FALSE (0001ms, 3465ms total)
T1594 1299:600 JLINK_IsHalted()  returns FALSE (0002ms, 3466ms total)
T1594 1300:242 JLINK_IsHalted()  returns FALSE (0001ms, 3465ms total)
T1594 1300:883 JLINK_IsHalted()  returns FALSE (0002ms, 3466ms total)
T1594 1301:525 JLINK_IsHalted()  returns FALSE (0001ms, 3465ms total)
T1594 1302:166 JLINK_IsHalted()  returns FALSE (0002ms, 3466ms total)
T1594 1302:808 JLINK_IsHalted()  returns FALSE (0001ms, 3465ms total)
T1594 1303:449 JLINK_IsHalted()  returns FALSE (0002ms, 3466ms total)
T1594 1304:092 JLINK_IsHalted()  returns FALSE (0001ms, 3465ms total)
T1594 1304:733 JLINK_IsHalted()  returns FALSE (0002ms, 3466ms total)
T1594 1305:375 JLINK_IsHalted()  returns FALSE (0001ms, 3465ms total)
T1594 1306:016 JLINK_IsHalted()  returns FALSE (0002ms, 3466ms total)
T1594 1306:658 JLINK_IsHalted()  returns FALSE (0001ms, 3465ms total)
T1594 1307:299 JLINK_IsHalted()  returns FALSE (0002ms, 3466ms total)
T1594 1307:941 JLINK_IsHalted()  returns FALSE (0001ms, 3465ms total)
T1594 1308:582 JLINK_IsHalted()  returns FALSE (0002ms, 3466ms total)
T1594 1309:224 JLINK_IsHalted()  returns FALSE (0001ms, 3465ms total)
T1594 1309:865 JLINK_IsHalted()  returns FALSE (0002ms, 3466ms total)
T1594 1310:507 JLINK_IsHalted()  returns FALSE (0001ms, 3465ms total)
T1594 1311:148 JLINK_IsHalted()  returns FALSE (0002ms, 3466ms total)
T1594 1311:790 JLINK_IsHalted()  returns FALSE (0001ms, 3465ms total)
T1594 1312:431 JLINK_IsHalted()  returns FALSE (0002ms, 3466ms total)
T1594 1313:073 JLINK_IsHalted()  returns FALSE (0001ms, 3465ms total)
T1594 1313:714 JLINK_IsHalted()  returns FALSE (0002ms, 3466ms total)
T1594 1314:356 JLINK_IsHalted()  returns FALSE (0001ms, 3465ms total)
T1594 1314:997 JLINK_IsHalted()  returns FALSE (0002ms, 3466ms total)
T1594 1315:639 JLINK_IsHalted()  returns FALSE (0001ms, 3465ms total)
T1594 1316:280 JLINK_IsHalted()  returns FALSE (0002ms, 3466ms total)
T1594 1316:922 JLINK_IsHalted()  returns FALSE (0001ms, 3465ms total)
T1594 1317:563 JLINK_IsHalted()  returns FALSE (0002ms, 3466ms total)
T1594 1318:205 JLINK_IsHalted()  returns FALSE (0001ms, 3465ms total)
T1594 1318:846 JLINK_IsHalted()  returns FALSE (0002ms, 3466ms total)
T1594 1319:488 JLINK_IsHalted()  returns FALSE (0001ms, 3465ms total)
T1594 1320:129 JLINK_IsHalted()  returns FALSE (0002ms, 3466ms total)
T1594 1320:771 JLINK_IsHalted()  returns FALSE (0001ms, 3465ms total)
T1594 1321:412 JLINK_IsHalted()  returns FALSE (0002ms, 3466ms total)
T1594 1322:055 JLINK_IsHalted()  returns FALSE (0001ms, 3465ms total)
T1594 1322:696 JLINK_IsHalted()  returns FALSE (0002ms, 3466ms total)
T1594 1323:338 JLINK_IsHalted()  returns FALSE (0001ms, 3465ms total)
